mode: set
github.com/monsterr00/metric-service.gittest_client/cmd/agent/flag.go:12.13,18.2 5 0
github.com/monsterr00/metric-service.gittest_client/cmd/agent/flag.go:20.17,24.31 3 0
github.com/monsterr00/metric-service.gittest_client/cmd/agent/flag.go:24.31,26.3 1 0
github.com/monsterr00/metric-service.gittest_client/cmd/agent/flag.go:28.2,29.11 2 0
github.com/monsterr00/metric-service.gittest_client/cmd/agent/flag.go:29.11,31.17 2 0
github.com/monsterr00/metric-service.gittest_client/cmd/agent/flag.go:31.17,33.4 1 0
github.com/monsterr00/metric-service.gittest_client/cmd/agent/flag.go:36.2,37.11 2 0
github.com/monsterr00/metric-service.gittest_client/cmd/agent/flag.go:37.11,39.17 2 0
github.com/monsterr00/metric-service.gittest_client/cmd/agent/flag.go:39.17,41.4 1 0
github.com/monsterr00/metric-service.gittest_client/cmd/agent/flag.go:44.2,45.11 2 0
github.com/monsterr00/metric-service.gittest_client/cmd/agent/flag.go:45.11,47.3 1 0
github.com/monsterr00/metric-service.gittest_client/cmd/agent/flag.go:49.2,49.36 1 0
github.com/monsterr00/metric-service.gittest_client/cmd/agent/flag.go:49.36,51.3 1 0
github.com/monsterr00/metric-service.gittest_client/cmd/agent/flag.go:53.2,54.11 2 0
github.com/monsterr00/metric-service.gittest_client/cmd/agent/flag.go:54.11,56.17 2 0
github.com/monsterr00/metric-service.gittest_client/cmd/agent/flag.go:56.17,58.4 1 0
github.com/monsterr00/metric-service.gittest_client/cmd/agent/flag.go:61.2,62.39 2 0
github.com/monsterr00/metric-service.gittest_client/cmd/agent/main.go:11.13,25.2 6 0
github.com/monsterr00/metric-service.gittest_client/cmd/agent/httplayer/routers.go:30.42,39.2 3 0
github.com/monsterr00/metric-service.gittest_client/cmd/agent/httplayer/routers.go:41.35,46.2 1 0
github.com/monsterr00/metric-service.gittest_client/cmd/agent/httplayer/routers.go:48.30,58.2 7 0
github.com/monsterr00/metric-service.gittest_client/cmd/agent/httplayer/routers.go:60.59,66.38 5 0
github.com/monsterr00/metric-service.gittest_client/cmd/agent/httplayer/routers.go:66.38,69.3 2 0
github.com/monsterr00/metric-service.gittest_client/cmd/agent/httplayer/routers.go:70.2,70.34 1 0
github.com/monsterr00/metric-service.gittest_client/cmd/agent/httplayer/routers.go:70.34,73.3 2 0
github.com/monsterr00/metric-service.gittest_client/cmd/agent/httplayer/routers.go:75.2,75.26 1 0
github.com/monsterr00/metric-service.gittest_client/cmd/agent/httplayer/routers.go:78.33,79.6 1 0
github.com/monsterr00/metric-service.gittest_client/cmd/agent/httplayer/routers.go:79.6,84.17 4 0
github.com/monsterr00/metric-service.gittest_client/cmd/agent/httplayer/routers.go:84.17,86.4 1 0
github.com/monsterr00/metric-service.gittest_client/cmd/agent/httplayer/routers.go:88.3,91.29 3 0
github.com/monsterr00/metric-service.gittest_client/cmd/agent/httplayer/routers.go:91.29,92.19 1 0
github.com/monsterr00/metric-service.gittest_client/cmd/agent/httplayer/routers.go:93.25,95.17 2 0
github.com/monsterr00/metric-service.gittest_client/cmd/agent/httplayer/routers.go:96.27,98.17 2 0
github.com/monsterr00/metric-service.gittest_client/cmd/agent/httplayer/routers.go:101.4,101.49 1 0
github.com/monsterr00/metric-service.gittest_client/cmd/agent/httplayer/routers.go:101.49,102.22 1 0
github.com/monsterr00/metric-service.gittest_client/cmd/agent/httplayer/routers.go:102.22,108.6 5 0
github.com/monsterr00/metric-service.gittest_client/cmd/agent/httplayer/routers.go:113.3,113.20 1 0
github.com/monsterr00/metric-service.gittest_client/cmd/agent/httplayer/routers.go:113.20,117.4 3 0
github.com/monsterr00/metric-service.gittest_client/cmd/agent/httplayer/routers.go:119.3,119.79 1 0
github.com/monsterr00/metric-service.gittest_client/cmd/agent/httplayer/routers.go:123.56,125.16 2 0
github.com/monsterr00/metric-service.gittest_client/cmd/agent/httplayer/routers.go:125.16,127.3 1 0
github.com/monsterr00/metric-service.gittest_client/cmd/agent/httplayer/routers.go:128.2,134.26 2 0
github.com/monsterr00/metric-service.gittest_client/cmd/agent/httplayer/routers.go:137.50,139.35 1 0
github.com/monsterr00/metric-service.gittest_client/cmd/agent/httplayer/routers.go:139.35,143.3 3 0
github.com/monsterr00/metric-service.gittest_client/cmd/agent/httplayer/routers.go:144.2,144.11 1 0
github.com/monsterr00/metric-service.gittest_client/cmd/agent/httplayer/workersPool.go:19.22,25.2 1 0
github.com/monsterr00/metric-service.gittest_client/cmd/agent/httplayer/workersPool.go:27.41,28.61 1 0
github.com/monsterr00/metric-service.gittest_client/cmd/agent/httplayer/workersPool.go:28.61,31.3 2 0
github.com/monsterr00/metric-service.gittest_client/cmd/agent/httplayer/workersPool.go:33.2,33.6 1 0
github.com/monsterr00/metric-service.gittest_client/cmd/agent/httplayer/workersPool.go:33.6,34.10 1 0
github.com/monsterr00/metric-service.gittest_client/cmd/agent/httplayer/workersPool.go:35.21,37.10 2 0
github.com/monsterr00/metric-service.gittest_client/cmd/agent/httplayer/workersPool.go:38.30,39.11 1 0
github.com/monsterr00/metric-service.gittest_client/cmd/agent/httplayer/workersPool.go:39.11,42.5 2 0
github.com/monsterr00/metric-service.gittest_client/cmd/agent/httplayer/workersPool.go:43.4,43.55 1 0
github.com/monsterr00/metric-service.gittest_client/cmd/agent/httplayer/workersPool.go:47.2,47.13 1 0
github.com/monsterr00/metric-service.gittest_client/cmd/agent/httplayer/workersPool.go:50.25,52.25 2 0
github.com/monsterr00/metric-service.gittest_client/cmd/agent/httplayer/workersPool.go:52.25,58.17 4 0
github.com/monsterr00/metric-service.gittest_client/cmd/agent/httplayer/workersPool.go:58.17,60.4 1 0
github.com/monsterr00/metric-service.gittest_client/cmd/agent/httplayer/workersPool.go:64.38,66.2 1 0
github.com/monsterr00/metric-service.gittest_client/cmd/agent/httplayer/workersPool.go:68.23,71.2 2 0
github.com/monsterr00/metric-service.gittest_client/cmd/agent/storelayer/store.go:10.19,14.2 1 0
github.com/monsterr00/metric-service.gittest_client/cmd/agent/flag.go:12.13,18.2 5 0
github.com/monsterr00/metric-service.gittest_client/cmd/agent/flag.go:20.17,24.31 3 0
github.com/monsterr00/metric-service.gittest_client/cmd/agent/flag.go:24.31,26.3 1 0
github.com/monsterr00/metric-service.gittest_client/cmd/agent/flag.go:28.2,29.11 2 0
github.com/monsterr00/metric-service.gittest_client/cmd/agent/flag.go:29.11,31.17 2 0
github.com/monsterr00/metric-service.gittest_client/cmd/agent/flag.go:31.17,33.4 1 0
github.com/monsterr00/metric-service.gittest_client/cmd/agent/flag.go:36.2,37.11 2 0
github.com/monsterr00/metric-service.gittest_client/cmd/agent/flag.go:37.11,39.17 2 0
github.com/monsterr00/metric-service.gittest_client/cmd/agent/flag.go:39.17,41.4 1 0
github.com/monsterr00/metric-service.gittest_client/cmd/agent/flag.go:44.2,45.11 2 0
github.com/monsterr00/metric-service.gittest_client/cmd/agent/flag.go:45.11,47.3 1 0
github.com/monsterr00/metric-service.gittest_client/cmd/agent/flag.go:49.2,49.36 1 0
github.com/monsterr00/metric-service.gittest_client/cmd/agent/flag.go:49.36,51.3 1 0
github.com/monsterr00/metric-service.gittest_client/cmd/agent/flag.go:53.2,54.11 2 0
github.com/monsterr00/metric-service.gittest_client/cmd/agent/flag.go:54.11,56.17 2 0
github.com/monsterr00/metric-service.gittest_client/cmd/agent/flag.go:56.17,58.4 1 0
github.com/monsterr00/metric-service.gittest_client/cmd/agent/flag.go:61.2,62.39 2 0
github.com/monsterr00/metric-service.gittest_client/cmd/agent/main.go:11.13,25.2 6 0
github.com/monsterr00/metric-service.gittest_client/cmd/agent/applayer/app.go:30.44,35.2 1 0
github.com/monsterr00/metric-service.gittest_client/cmd/agent/applayer/app.go:37.61,39.2 1 0
github.com/monsterr00/metric-service.gittest_client/cmd/agent/applayer/app.go:41.26,43.2 1 0
github.com/monsterr00/metric-service.gittest_client/cmd/agent/applayer/app.go:45.28,47.2 1 0
github.com/monsterr00/metric-service.gittest_client/cmd/agent/applayer/app.go:49.30,264.11 182 1
github.com/monsterr00/metric-service.gittest_client/cmd/agent/applayer/app.go:264.11,268.3 3 1
github.com/monsterr00/metric-service.gittest_client/cmd/agent/applayer/app.go:268.8,270.3 1 0
github.com/monsterr00/metric-service.gittest_client/cmd/agent/applayer/app.go:272.2,278.76 6 1
github.com/monsterr00/metric-service.gittest_client/cmd/agent/applayer/app.go:281.30,282.6 1 0
github.com/monsterr00/metric-service.gittest_client/cmd/agent/applayer/app.go:282.6,284.3 1 0
github.com/monsterr00/metric-service.gittest_client/cmd/agent/applayer/app.go:287.38,292.6 4 0
github.com/monsterr00/metric-service.gittest_client/cmd/agent/applayer/app.go:292.6,322.3 23 0
github.com/monsterr00/metric-service.gittest_client/cmd/agent/httplayer/routers.go:30.42,39.2 3 0
github.com/monsterr00/metric-service.gittest_client/cmd/agent/httplayer/routers.go:41.35,46.2 1 0
github.com/monsterr00/metric-service.gittest_client/cmd/agent/httplayer/routers.go:48.30,58.2 7 0
github.com/monsterr00/metric-service.gittest_client/cmd/agent/httplayer/routers.go:60.59,66.38 5 0
github.com/monsterr00/metric-service.gittest_client/cmd/agent/httplayer/routers.go:66.38,69.3 2 0
github.com/monsterr00/metric-service.gittest_client/cmd/agent/httplayer/routers.go:70.2,70.34 1 0
github.com/monsterr00/metric-service.gittest_client/cmd/agent/httplayer/routers.go:70.34,73.3 2 0
github.com/monsterr00/metric-service.gittest_client/cmd/agent/httplayer/routers.go:75.2,75.26 1 0
github.com/monsterr00/metric-service.gittest_client/cmd/agent/httplayer/routers.go:78.33,79.6 1 0
github.com/monsterr00/metric-service.gittest_client/cmd/agent/httplayer/routers.go:79.6,84.17 4 0
github.com/monsterr00/metric-service.gittest_client/cmd/agent/httplayer/routers.go:84.17,86.4 1 0
github.com/monsterr00/metric-service.gittest_client/cmd/agent/httplayer/routers.go:88.3,91.29 3 0
github.com/monsterr00/metric-service.gittest_client/cmd/agent/httplayer/routers.go:91.29,92.19 1 0
github.com/monsterr00/metric-service.gittest_client/cmd/agent/httplayer/routers.go:93.25,95.17 2 0
github.com/monsterr00/metric-service.gittest_client/cmd/agent/httplayer/routers.go:96.27,98.17 2 0
github.com/monsterr00/metric-service.gittest_client/cmd/agent/httplayer/routers.go:101.4,101.49 1 0
github.com/monsterr00/metric-service.gittest_client/cmd/agent/httplayer/routers.go:101.49,102.22 1 0
github.com/monsterr00/metric-service.gittest_client/cmd/agent/httplayer/routers.go:102.22,108.6 5 0
github.com/monsterr00/metric-service.gittest_client/cmd/agent/httplayer/routers.go:113.3,113.20 1 0
github.com/monsterr00/metric-service.gittest_client/cmd/agent/httplayer/routers.go:113.20,117.4 3 0
github.com/monsterr00/metric-service.gittest_client/cmd/agent/httplayer/routers.go:119.3,119.79 1 0
github.com/monsterr00/metric-service.gittest_client/cmd/agent/httplayer/routers.go:123.56,125.16 2 0
github.com/monsterr00/metric-service.gittest_client/cmd/agent/httplayer/routers.go:125.16,127.3 1 0
github.com/monsterr00/metric-service.gittest_client/cmd/agent/httplayer/routers.go:128.2,134.26 2 0
github.com/monsterr00/metric-service.gittest_client/cmd/agent/httplayer/routers.go:137.50,139.35 1 0
github.com/monsterr00/metric-service.gittest_client/cmd/agent/httplayer/routers.go:139.35,143.3 3 0
github.com/monsterr00/metric-service.gittest_client/cmd/agent/httplayer/routers.go:144.2,144.11 1 0
github.com/monsterr00/metric-service.gittest_client/cmd/agent/httplayer/workersPool.go:19.22,25.2 1 0
github.com/monsterr00/metric-service.gittest_client/cmd/agent/httplayer/workersPool.go:27.41,28.61 1 0
github.com/monsterr00/metric-service.gittest_client/cmd/agent/httplayer/workersPool.go:28.61,31.3 2 0
github.com/monsterr00/metric-service.gittest_client/cmd/agent/httplayer/workersPool.go:33.2,33.6 1 0
github.com/monsterr00/metric-service.gittest_client/cmd/agent/httplayer/workersPool.go:33.6,34.10 1 0
github.com/monsterr00/metric-service.gittest_client/cmd/agent/httplayer/workersPool.go:35.21,37.10 2 0
github.com/monsterr00/metric-service.gittest_client/cmd/agent/httplayer/workersPool.go:38.30,39.11 1 0
github.com/monsterr00/metric-service.gittest_client/cmd/agent/httplayer/workersPool.go:39.11,42.5 2 0
github.com/monsterr00/metric-service.gittest_client/cmd/agent/httplayer/workersPool.go:43.4,43.55 1 0
github.com/monsterr00/metric-service.gittest_client/cmd/agent/httplayer/workersPool.go:47.2,47.13 1 0
github.com/monsterr00/metric-service.gittest_client/cmd/agent/httplayer/workersPool.go:50.25,52.25 2 0
github.com/monsterr00/metric-service.gittest_client/cmd/agent/httplayer/workersPool.go:52.25,58.17 4 0
github.com/monsterr00/metric-service.gittest_client/cmd/agent/httplayer/workersPool.go:58.17,60.4 1 0
github.com/monsterr00/metric-service.gittest_client/cmd/agent/httplayer/workersPool.go:64.38,66.2 1 0
github.com/monsterr00/metric-service.gittest_client/cmd/agent/httplayer/workersPool.go:68.23,71.2 2 0
github.com/monsterr00/metric-service.gittest_client/cmd/agent/storelayer/store.go:10.19,14.2 1 1
github.com/monsterr00/metric-service.gittest_client/cmd/server/main.go:12.13,26.2 6 0
github.com/monsterr00/metric-service.gittest_client/cmd/server/applayer/app.go:32.44,37.2 1 0
github.com/monsterr00/metric-service.gittest_client/cmd/server/applayer/app.go:39.80,41.2 1 0
github.com/monsterr00/metric-service.gittest_client/cmd/server/applayer/app.go:43.93,45.11 2 0
github.com/monsterr00/metric-service.gittest_client/cmd/server/applayer/app.go:45.11,47.3 1 0
github.com/monsterr00/metric-service.gittest_client/cmd/server/applayer/app.go:49.2,49.48 1 0
github.com/monsterr00/metric-service.gittest_client/cmd/server/applayer/app.go:52.76,55.48 2 0
github.com/monsterr00/metric-service.gittest_client/cmd/server/applayer/app.go:55.48,58.12 2 0
github.com/monsterr00/metric-service.gittest_client/cmd/server/applayer/app.go:58.12,60.4 1 0
github.com/monsterr00/metric-service.gittest_client/cmd/server/applayer/app.go:60.9,62.4 1 0
github.com/monsterr00/metric-service.gittest_client/cmd/server/applayer/app.go:65.2,65.16 1 0
github.com/monsterr00/metric-service.gittest_client/cmd/server/applayer/app.go:65.16,67.3 1 0
github.com/monsterr00/metric-service.gittest_client/cmd/server/applayer/app.go:69.2,73.12 5 0
github.com/monsterr00/metric-service.gittest_client/cmd/server/applayer/app.go:76.41,78.16 2 0
github.com/monsterr00/metric-service.gittest_client/cmd/server/applayer/app.go:78.16,80.3 1 0
github.com/monsterr00/metric-service.gittest_client/cmd/server/applayer/app.go:81.2,83.16 3 0
github.com/monsterr00/metric-service.gittest_client/cmd/server/applayer/app.go:83.16,85.3 1 0
github.com/monsterr00/metric-service.gittest_client/cmd/server/applayer/app.go:87.2,87.28 1 0
github.com/monsterr00/metric-service.gittest_client/cmd/server/applayer/app.go:87.28,89.17 2 0
github.com/monsterr00/metric-service.gittest_client/cmd/server/applayer/app.go:89.17,91.4 1 0
github.com/monsterr00/metric-service.gittest_client/cmd/server/applayer/app.go:94.3,94.47 1 0
github.com/monsterr00/metric-service.gittest_client/cmd/server/applayer/app.go:94.47,96.4 1 0
github.com/monsterr00/metric-service.gittest_client/cmd/server/applayer/app.go:99.3,99.48 1 0
github.com/monsterr00/metric-service.gittest_client/cmd/server/applayer/app.go:99.48,101.4 1 0
github.com/monsterr00/metric-service.gittest_client/cmd/server/applayer/app.go:104.3,104.40 1 0
github.com/monsterr00/metric-service.gittest_client/cmd/server/applayer/app.go:104.40,106.4 1 0
github.com/monsterr00/metric-service.gittest_client/cmd/server/applayer/app.go:109.2,110.16 2 0
github.com/monsterr00/metric-service.gittest_client/cmd/server/applayer/app.go:110.16,112.3 1 0
github.com/monsterr00/metric-service.gittest_client/cmd/server/applayer/app.go:113.2,113.12 1 0
github.com/monsterr00/metric-service.gittest_client/cmd/server/applayer/app.go:116.41,118.16 2 0
github.com/monsterr00/metric-service.gittest_client/cmd/server/applayer/app.go:118.16,120.3 1 0
github.com/monsterr00/metric-service.gittest_client/cmd/server/applayer/app.go:122.2,126.21 3 0
github.com/monsterr00/metric-service.gittest_client/cmd/server/applayer/app.go:126.21,131.17 4 0
github.com/monsterr00/metric-service.gittest_client/cmd/server/applayer/app.go:131.17,133.4 1 0
github.com/monsterr00/metric-service.gittest_client/cmd/server/applayer/app.go:135.3,136.17 2 0
github.com/monsterr00/metric-service.gittest_client/cmd/server/applayer/app.go:136.17,138.4 1 0
github.com/monsterr00/metric-service.gittest_client/cmd/server/applayer/app.go:140.2,140.12 1 0
github.com/monsterr00/metric-service.gittest_client/cmd/server/applayer/app.go:143.39,148.16 4 0
github.com/monsterr00/metric-service.gittest_client/cmd/server/applayer/app.go:148.16,150.3 1 0
github.com/monsterr00/metric-service.gittest_client/cmd/server/applayer/app.go:151.2,151.12 1 0
github.com/monsterr00/metric-service.gittest_client/cmd/server/applayer/app.go:154.32,156.16 2 0
github.com/monsterr00/metric-service.gittest_client/cmd/server/applayer/app.go:156.16,158.3 1 0
github.com/monsterr00/metric-service.gittest_client/cmd/server/applayer/app.go:159.2,159.12 1 0
github.com/monsterr00/metric-service.gittest_client/cmd/server/applayer/app.go:162.33,164.16 2 0
github.com/monsterr00/metric-service.gittest_client/cmd/server/applayer/app.go:164.16,166.3 1 0
github.com/monsterr00/metric-service.gittest_client/cmd/server/applayer/app.go:167.2,167.12 1 0
github.com/monsterr00/metric-service.gittest_client/cmd/server/applayer/app.go:170.79,172.2 1 0
github.com/monsterr00/metric-service.gittest_client/cmd/server/applayer/app.go:174.79,176.2 1 0
github.com/monsterr00/metric-service.gittest_client/cmd/server/applayer/app.go:178.85,180.2 1 0
github.com/monsterr00/metric-service.gittest_client/cmd/server/httplayer/handlers.go:28.77,36.16 5 0
github.com/monsterr00/metric-service.gittest_client/cmd/server/httplayer/handlers.go:36.16,39.3 2 0
github.com/monsterr00/metric-service.gittest_client/cmd/server/httplayer/handlers.go:41.2,41.28 1 0
github.com/monsterr00/metric-service.gittest_client/cmd/server/httplayer/handlers.go:41.28,42.18 1 0
github.com/monsterr00/metric-service.gittest_client/cmd/server/httplayer/handlers.go:43.24,44.50 1 0
github.com/monsterr00/metric-service.gittest_client/cmd/server/httplayer/handlers.go:45.26,46.50 1 0
github.com/monsterr00/metric-service.gittest_client/cmd/server/httplayer/handlers.go:50.2,53.16 4 0
github.com/monsterr00/metric-service.gittest_client/cmd/server/httplayer/handlers.go:53.16,55.3 1 0
github.com/monsterr00/metric-service.gittest_client/cmd/server/httplayer/handlers.go:58.75,64.16 4 0
github.com/monsterr00/metric-service.gittest_client/cmd/server/httplayer/handlers.go:64.16,67.3 2 0
github.com/monsterr00/metric-service.gittest_client/cmd/server/httplayer/handlers.go:70.2,71.60 2 0
github.com/monsterr00/metric-service.gittest_client/cmd/server/httplayer/handlers.go:71.60,74.3 2 0
github.com/monsterr00/metric-service.gittest_client/cmd/server/httplayer/handlers.go:76.2,79.22 3 0
github.com/monsterr00/metric-service.gittest_client/cmd/server/httplayer/handlers.go:80.42,82.17 2 0
github.com/monsterr00/metric-service.gittest_client/cmd/server/httplayer/handlers.go:82.17,85.4 2 0
github.com/monsterr00/metric-service.gittest_client/cmd/server/httplayer/handlers.go:86.10,88.9 2 0
github.com/monsterr00/metric-service.gittest_client/cmd/server/httplayer/handlers.go:91.2,92.16 2 0
github.com/monsterr00/metric-service.gittest_client/cmd/server/httplayer/handlers.go:92.16,95.3 2 0
github.com/monsterr00/metric-service.gittest_client/cmd/server/httplayer/handlers.go:97.2,100.16 4 0
github.com/monsterr00/metric-service.gittest_client/cmd/server/httplayer/handlers.go:100.16,102.3 1 0
github.com/monsterr00/metric-service.gittest_client/cmd/server/httplayer/handlers.go:105.81,110.41 4 0
github.com/monsterr00/metric-service.gittest_client/cmd/server/httplayer/handlers.go:110.41,116.18 3 0
github.com/monsterr00/metric-service.gittest_client/cmd/server/httplayer/handlers.go:117.24,119.18 2 0
github.com/monsterr00/metric-service.gittest_client/cmd/server/httplayer/handlers.go:119.18,122.19 3 0
github.com/monsterr00/metric-service.gittest_client/cmd/server/httplayer/handlers.go:122.19,124.6 1 0
github.com/monsterr00/metric-service.gittest_client/cmd/server/httplayer/handlers.go:125.10,128.5 2 0
github.com/monsterr00/metric-service.gittest_client/cmd/server/httplayer/handlers.go:129.26,131.18 2 0
github.com/monsterr00/metric-service.gittest_client/cmd/server/httplayer/handlers.go:131.18,134.19 3 0
github.com/monsterr00/metric-service.gittest_client/cmd/server/httplayer/handlers.go:134.19,136.6 1 0
github.com/monsterr00/metric-service.gittest_client/cmd/server/httplayer/handlers.go:137.10,140.5 2 0
github.com/monsterr00/metric-service.gittest_client/cmd/server/httplayer/handlers.go:141.11,143.10 2 0
github.com/monsterr00/metric-service.gittest_client/cmd/server/httplayer/handlers.go:145.8,148.3 2 0
github.com/monsterr00/metric-service.gittest_client/cmd/server/httplayer/handlers.go:151.82,156.42 4 0
github.com/monsterr00/metric-service.gittest_client/cmd/server/httplayer/handlers.go:156.42,167.18 6 0
github.com/monsterr00/metric-service.gittest_client/cmd/server/httplayer/handlers.go:168.24,169.43 1 0
github.com/monsterr00/metric-service.gittest_client/cmd/server/httplayer/handlers.go:169.43,173.19 4 0
github.com/monsterr00/metric-service.gittest_client/cmd/server/httplayer/handlers.go:173.19,176.6 2 0
github.com/monsterr00/metric-service.gittest_client/cmd/server/httplayer/handlers.go:177.5,179.19 3 0
github.com/monsterr00/metric-service.gittest_client/cmd/server/httplayer/handlers.go:179.19,182.6 2 0
github.com/monsterr00/metric-service.gittest_client/cmd/server/httplayer/handlers.go:184.4,185.18 2 0
github.com/monsterr00/metric-service.gittest_client/cmd/server/httplayer/handlers.go:185.18,187.5 1 0
github.com/monsterr00/metric-service.gittest_client/cmd/server/httplayer/handlers.go:188.26,192.18 4 0
github.com/monsterr00/metric-service.gittest_client/cmd/server/httplayer/handlers.go:192.18,195.5 2 0
github.com/monsterr00/metric-service.gittest_client/cmd/server/httplayer/handlers.go:196.4,199.18 3 0
github.com/monsterr00/metric-service.gittest_client/cmd/server/httplayer/handlers.go:199.18,202.33 2 0
github.com/monsterr00/metric-service.gittest_client/cmd/server/httplayer/handlers.go:202.33,204.6 1 0
github.com/monsterr00/metric-service.gittest_client/cmd/server/httplayer/handlers.go:204.11,206.6 1 0
github.com/monsterr00/metric-service.gittest_client/cmd/server/httplayer/handlers.go:208.5,208.28 1 0
github.com/monsterr00/metric-service.gittest_client/cmd/server/httplayer/handlers.go:208.28,211.6 2 0
github.com/monsterr00/metric-service.gittest_client/cmd/server/httplayer/handlers.go:213.4,214.18 2 0
github.com/monsterr00/metric-service.gittest_client/cmd/server/httplayer/handlers.go:214.18,217.5 2 0
github.com/monsterr00/metric-service.gittest_client/cmd/server/httplayer/handlers.go:219.4,220.18 2 0
github.com/monsterr00/metric-service.gittest_client/cmd/server/httplayer/handlers.go:220.18,222.5 1 0
github.com/monsterr00/metric-service.gittest_client/cmd/server/httplayer/handlers.go:223.11,225.10 2 0
github.com/monsterr00/metric-service.gittest_client/cmd/server/httplayer/handlers.go:227.8,230.3 2 0
github.com/monsterr00/metric-service.gittest_client/cmd/server/httplayer/handlers.go:232.2,232.32 1 0
github.com/monsterr00/metric-service.gittest_client/cmd/server/httplayer/handlers.go:235.76,240.16 4 0
github.com/monsterr00/metric-service.gittest_client/cmd/server/httplayer/handlers.go:240.16,243.3 2 0
github.com/monsterr00/metric-service.gittest_client/cmd/server/httplayer/handlers.go:246.2,247.49 2 0
github.com/monsterr00/metric-service.gittest_client/cmd/server/httplayer/handlers.go:247.49,248.40 1 0
github.com/monsterr00/metric-service.gittest_client/cmd/server/httplayer/handlers.go:248.40,251.4 2 0
github.com/monsterr00/metric-service.gittest_client/cmd/server/httplayer/handlers.go:255.2,256.60 2 0
github.com/monsterr00/metric-service.gittest_client/cmd/server/httplayer/handlers.go:256.60,259.3 2 0
github.com/monsterr00/metric-service.gittest_client/cmd/server/httplayer/handlers.go:260.2,261.44 2 0
github.com/monsterr00/metric-service.gittest_client/cmd/server/httplayer/handlers.go:264.72,268.16 3 0
github.com/monsterr00/metric-service.gittest_client/cmd/server/httplayer/handlers.go:268.16,271.3 2 0
github.com/monsterr00/metric-service.gittest_client/cmd/server/httplayer/handlers.go:273.2,273.32 1 0
github.com/monsterr00/metric-service.gittest_client/cmd/server/httplayer/handlers.go:276.77,282.16 4 0
github.com/monsterr00/metric-service.gittest_client/cmd/server/httplayer/handlers.go:282.16,285.3 2 0
github.com/monsterr00/metric-service.gittest_client/cmd/server/httplayer/handlers.go:288.2,289.49 2 0
github.com/monsterr00/metric-service.gittest_client/cmd/server/httplayer/handlers.go:289.49,290.40 1 0
github.com/monsterr00/metric-service.gittest_client/cmd/server/httplayer/handlers.go:290.40,293.4 2 0
github.com/monsterr00/metric-service.gittest_client/cmd/server/httplayer/handlers.go:297.2,298.61 2 0
github.com/monsterr00/metric-service.gittest_client/cmd/server/httplayer/handlers.go:298.61,301.3 2 0
github.com/monsterr00/metric-service.gittest_client/cmd/server/httplayer/handlers.go:303.2,305.33 2 0
github.com/monsterr00/metric-service.gittest_client/cmd/server/httplayer/handlers.go:305.33,307.3 1 0
github.com/monsterr00/metric-service.gittest_client/cmd/server/httplayer/handlers.go:310.117,313.22 2 0
github.com/monsterr00/metric-service.gittest_client/cmd/server/httplayer/handlers.go:314.23,316.17 2 0
github.com/monsterr00/metric-service.gittest_client/cmd/server/httplayer/handlers.go:316.17,319.4 2 0
github.com/monsterr00/metric-service.gittest_client/cmd/server/httplayer/handlers.go:321.25,323.17 2 0
github.com/monsterr00/metric-service.gittest_client/cmd/server/httplayer/handlers.go:323.17,327.32 2 0
github.com/monsterr00/metric-service.gittest_client/cmd/server/httplayer/handlers.go:327.32,329.5 1 0
github.com/monsterr00/metric-service.gittest_client/cmd/server/httplayer/handlers.go:329.10,331.5 1 0
github.com/monsterr00/metric-service.gittest_client/cmd/server/httplayer/handlers.go:333.4,333.27 1 0
github.com/monsterr00/metric-service.gittest_client/cmd/server/httplayer/handlers.go:333.27,336.5 2 0
github.com/monsterr00/metric-service.gittest_client/cmd/server/httplayer/handlers.go:338.3,339.17 2 0
github.com/monsterr00/metric-service.gittest_client/cmd/server/httplayer/handlers.go:339.17,343.4 2 0
github.com/monsterr00/metric-service.gittest_client/cmd/server/httplayer/handlers.go:344.10,346.9 2 0
github.com/monsterr00/metric-service.gittest_client/cmd/server/httplayer/handlers.go:349.2,350.16 2 0
github.com/monsterr00/metric-service.gittest_client/cmd/server/httplayer/handlers.go:350.16,353.3 2 0
github.com/monsterr00/metric-service.gittest_client/cmd/server/httplayer/handlers.go:355.2,360.16 6 0
github.com/monsterr00/metric-service.gittest_client/cmd/server/httplayer/handlers.go:360.16,362.3 1 0
github.com/monsterr00/metric-service.gittest_client/cmd/server/httplayer/handlers.go:365.62,372.16 6 0
github.com/monsterr00/metric-service.gittest_client/cmd/server/httplayer/handlers.go:372.16,374.3 1 0
github.com/monsterr00/metric-service.gittest_client/cmd/server/httplayer/handlers.go:375.2,375.35 1 0
github.com/monsterr00/metric-service.gittest_client/cmd/server/httplayer/handlers.go:375.35,377.3 1 0
github.com/monsterr00/metric-service.gittest_client/cmd/server/httplayer/handlers.go:377.8,379.3 1 0
github.com/monsterr00/metric-service.gittest_client/cmd/server/httplayer/middleware.go:39.62,44.2 3 0
github.com/monsterr00/metric-service.gittest_client/cmd/server/httplayer/middleware.go:46.61,50.2 2 0
github.com/monsterr00/metric-service.gittest_client/cmd/server/httplayer/middleware.go:54.70,55.56 1 0
github.com/monsterr00/metric-service.gittest_client/cmd/server/httplayer/middleware.go:55.56,77.3 6 0
github.com/monsterr00/metric-service.gittest_client/cmd/server/httplayer/middleware.go:78.2,78.32 1 0
github.com/monsterr00/metric-service.gittest_client/cmd/server/httplayer/middleware.go:81.73,82.54 1 0
github.com/monsterr00/metric-service.gittest_client/cmd/server/httplayer/middleware.go:82.54,98.19 11 0
github.com/monsterr00/metric-service.gittest_client/cmd/server/httplayer/middleware.go:98.19,105.4 3 0
github.com/monsterr00/metric-service.gittest_client/cmd/server/httplayer/middleware.go:108.3,112.33 5 0
github.com/monsterr00/metric-service.gittest_client/cmd/server/httplayer/middleware.go:112.33,115.18 2 0
github.com/monsterr00/metric-service.gittest_client/cmd/server/httplayer/middleware.go:115.18,118.5 2 0
github.com/monsterr00/metric-service.gittest_client/cmd/server/httplayer/middleware.go:120.4,121.20 2 0
github.com/monsterr00/metric-service.gittest_client/cmd/server/httplayer/middleware.go:125.3,125.21 1 0
github.com/monsterr00/metric-service.gittest_client/cmd/server/httplayer/middleware.go:129.63,134.2 1 0
github.com/monsterr00/metric-service.gittest_client/cmd/server/httplayer/middleware.go:136.47,138.2 1 0
github.com/monsterr00/metric-service.gittest_client/cmd/server/httplayer/middleware.go:140.55,142.2 1 0
github.com/monsterr00/metric-service.gittest_client/cmd/server/httplayer/middleware.go:144.54,145.22 1 0
github.com/monsterr00/metric-service.gittest_client/cmd/server/httplayer/middleware.go:145.22,147.3 1 0
github.com/monsterr00/metric-service.gittest_client/cmd/server/httplayer/middleware.go:148.2,148.29 1 0
github.com/monsterr00/metric-service.gittest_client/cmd/server/httplayer/middleware.go:152.40,154.2 1 0
github.com/monsterr00/metric-service.gittest_client/cmd/server/httplayer/middleware.go:156.66,158.16 2 0
github.com/monsterr00/metric-service.gittest_client/cmd/server/httplayer/middleware.go:158.16,160.3 1 0
github.com/monsterr00/metric-service.gittest_client/cmd/server/httplayer/middleware.go:162.2,165.8 1 0
github.com/monsterr00/metric-service.gittest_client/cmd/server/httplayer/middleware.go:168.59,170.2 1 0
github.com/monsterr00/metric-service.gittest_client/cmd/server/httplayer/middleware.go:172.40,173.36 1 0
github.com/monsterr00/metric-service.gittest_client/cmd/server/httplayer/middleware.go:173.36,175.3 1 0
github.com/monsterr00/metric-service.gittest_client/cmd/server/httplayer/middleware.go:176.2,176.21 1 0
github.com/monsterr00/metric-service.gittest_client/cmd/server/httplayer/routers.go:21.42,23.16 2 0
github.com/monsterr00/metric-service.gittest_client/cmd/server/httplayer/routers.go:23.16,25.3 1 0
github.com/monsterr00/metric-service.gittest_client/cmd/server/httplayer/routers.go:26.2,26.15 1 0
github.com/monsterr00/metric-service.gittest_client/cmd/server/httplayer/routers.go:26.15,27.39 1 0
github.com/monsterr00/metric-service.gittest_client/cmd/server/httplayer/routers.go:27.39,29.4 1 0
github.com/monsterr00/metric-service.gittest_client/cmd/server/httplayer/routers.go:32.2,41.12 5 0
github.com/monsterr00/metric-service.gittest_client/cmd/server/httplayer/routers.go:44.35,59.2 13 0
github.com/monsterr00/metric-service.gittest_client/cmd/server/httplayer/routers.go:61.30,63.16 2 0
github.com/monsterr00/metric-service.gittest_client/cmd/server/httplayer/routers.go:63.16,65.3 1 0
github.com/monsterr00/metric-service.gittest_client/cmd/server/httplayer/routers.go:66.2,67.15 2 0
github.com/monsterr00/metric-service.gittest_client/cmd/server/httplayer/routers.go:70.35,71.50 1 0
github.com/monsterr00/metric-service.gittest_client/cmd/server/httplayer/routers.go:71.50,73.17 2 0
github.com/monsterr00/metric-service.gittest_client/cmd/server/httplayer/routers.go:73.17,75.4 1 0
github.com/monsterr00/metric-service.gittest_client/cmd/server/httplayer/routers.go:79.43,80.92 1 0
github.com/monsterr00/metric-service.gittest_client/cmd/server/httplayer/routers.go:80.92,81.7 1 0
github.com/monsterr00/metric-service.gittest_client/cmd/server/httplayer/routers.go:81.7,83.18 2 0
github.com/monsterr00/metric-service.gittest_client/cmd/server/httplayer/routers.go:83.18,85.5 1 0
github.com/monsterr00/metric-service.gittest_client/cmd/server/httplayer/routers.go:86.4,86.79 1 0
github.com/monsterr00/metric-service.gittest_client/cmd/server/httplayer/routers.go:91.39,92.93 1 0
github.com/monsterr00/metric-service.gittest_client/cmd/server/httplayer/routers.go:92.93,94.17 2 0
github.com/monsterr00/metric-service.gittest_client/cmd/server/httplayer/routers.go:94.17,96.4 1 0
github.com/monsterr00/metric-service.gittest_client/cmd/server/httplayer/routers.go:100.35,101.82 1 0
github.com/monsterr00/metric-service.gittest_client/cmd/server/httplayer/routers.go:101.82,103.17 2 0
github.com/monsterr00/metric-service.gittest_client/cmd/server/httplayer/routers.go:103.17,105.4 1 0
github.com/monsterr00/metric-service.gittest_client/cmd/server/httplayer/routers.go:108.2,108.48 1 0
github.com/monsterr00/metric-service.gittest_client/cmd/server/httplayer/routers.go:108.48,110.17 2 0
github.com/monsterr00/metric-service.gittest_client/cmd/server/httplayer/routers.go:110.17,112.4 1 0
github.com/monsterr00/metric-service.gittest_client/cmd/server/httplayer/routers.go:116.31,118.16 2 0
github.com/monsterr00/metric-service.gittest_client/cmd/server/httplayer/routers.go:118.16,120.3 1 0
github.com/monsterr00/metric-service.gittest_client/cmd/server/storelayer/store.go:39.19,40.48 1 0
github.com/monsterr00/metric-service.gittest_client/cmd/server/storelayer/store.go:40.48,42.17 2 0
github.com/monsterr00/metric-service.gittest_client/cmd/server/storelayer/store.go:42.17,44.4 1 0
github.com/monsterr00/metric-service.gittest_client/cmd/server/storelayer/store.go:46.3,49.17 3 0
github.com/monsterr00/metric-service.gittest_client/cmd/server/storelayer/store.go:49.17,51.4 1 0
github.com/monsterr00/metric-service.gittest_client/cmd/server/storelayer/store.go:53.3,56.17 2 0
github.com/monsterr00/metric-service.gittest_client/cmd/server/storelayer/store.go:56.17,58.4 1 0
github.com/monsterr00/metric-service.gittest_client/cmd/server/storelayer/store.go:60.3,60.32 1 0
github.com/monsterr00/metric-service.gittest_client/cmd/server/storelayer/store.go:60.32,61.34 1 0
github.com/monsterr00/metric-service.gittest_client/cmd/server/storelayer/store.go:61.34,63.5 1 0
github.com/monsterr00/metric-service.gittest_client/cmd/server/storelayer/store.go:66.3,71.17 3 0
github.com/monsterr00/metric-service.gittest_client/cmd/server/storelayer/store.go:71.17,73.4 1 0
github.com/monsterr00/metric-service.gittest_client/cmd/server/storelayer/store.go:74.3,74.15 1 0
github.com/monsterr00/metric-service.gittest_client/cmd/server/storelayer/store.go:77.2,81.14 2 0
github.com/monsterr00/metric-service.gittest_client/cmd/server/storelayer/store.go:84.34,85.23 1 0
github.com/monsterr00/metric-service.gittest_client/cmd/server/storelayer/store.go:85.23,87.3 1 0
github.com/monsterr00/metric-service.gittest_client/cmd/server/storelayer/store.go:89.2,91.16 2 0
github.com/monsterr00/metric-service.gittest_client/cmd/server/storelayer/store.go:91.16,94.13 3 0
github.com/monsterr00/metric-service.gittest_client/cmd/server/storelayer/store.go:94.13,96.61 2 0
github.com/monsterr00/metric-service.gittest_client/cmd/server/storelayer/store.go:96.61,100.19 3 0
github.com/monsterr00/metric-service.gittest_client/cmd/server/storelayer/store.go:100.19,102.6 1 0
github.com/monsterr00/metric-service.gittest_client/cmd/server/storelayer/store.go:102.11,103.11 1 0
github.com/monsterr00/metric-service.gittest_client/cmd/server/storelayer/store.go:107.4,107.14 1 0
github.com/monsterr00/metric-service.gittest_client/cmd/server/storelayer/store.go:110.2,110.12 1 0
github.com/monsterr00/metric-service.gittest_client/cmd/server/storelayer/store.go:113.35,115.2 1 0
github.com/monsterr00/metric-service.gittest_client/cmd/server/storelayer/store.go:117.77,119.16 2 0
github.com/monsterr00/metric-service.gittest_client/cmd/server/storelayer/store.go:119.16,121.3 1 0
github.com/monsterr00/metric-service.gittest_client/cmd/server/storelayer/store.go:123.2,129.16 2 0
github.com/monsterr00/metric-service.gittest_client/cmd/server/storelayer/store.go:129.16,132.3 1 0
github.com/monsterr00/metric-service.gittest_client/cmd/server/storelayer/store.go:133.2,133.20 1 0
github.com/monsterr00/metric-service.gittest_client/cmd/server/storelayer/store.go:136.77,138.16 2 0
github.com/monsterr00/metric-service.gittest_client/cmd/server/storelayer/store.go:138.16,140.3 1 0
github.com/monsterr00/metric-service.gittest_client/cmd/server/storelayer/store.go:142.2,148.16 2 0
github.com/monsterr00/metric-service.gittest_client/cmd/server/storelayer/store.go:148.16,151.3 1 0
github.com/monsterr00/metric-service.gittest_client/cmd/server/storelayer/store.go:153.2,153.20 1 0
github.com/monsterr00/metric-service.gittest_client/cmd/server/storelayer/store.go:180.82,190.16 2 0
github.com/monsterr00/metric-service.gittest_client/cmd/server/storelayer/store.go:190.16,192.3 1 0
github.com/monsterr00/metric-service.gittest_client/cmd/server/storelayer/store.go:194.2,198.18 3 0
github.com/monsterr00/metric-service.gittest_client/cmd/server/storelayer/store.go:198.18,200.72 2 0
github.com/monsterr00/metric-service.gittest_client/cmd/server/storelayer/store.go:200.72,202.4 1 0
github.com/monsterr00/metric-service.gittest_client/cmd/server/storelayer/store.go:203.3,203.20 1 0
github.com/monsterr00/metric-service.gittest_client/cmd/server/storelayer/store.go:205.2,205.35 1 0
github.com/monsterr00/metric-service.gittest_client/cmd/server/storelayer/store.go:205.35,207.3 1 0
github.com/monsterr00/metric-service.gittest_client/cmd/server/storelayer/store.go:209.2,209.21 1 0
github.com/monsterr00/metric-service.gittest_client/internal/config/config.go:33.27,35.2 1 0
github.com/monsterr00/metric-service.gittest_client/internal/helpers/helpers.go:3.60,22.2 1 0
github.com/monsterr00/metric-service.gittest_client/internal/util/flags.go:12.13,19.2 6 0
github.com/monsterr00/metric-service.gittest_client/internal/util/flags.go:21.17,25.31 3 0
github.com/monsterr00/metric-service.gittest_client/internal/util/flags.go:25.31,27.3 1 0
github.com/monsterr00/metric-service.gittest_client/internal/util/flags.go:29.2,30.11 2 0
github.com/monsterr00/metric-service.gittest_client/internal/util/flags.go:30.11,32.17 2 0
github.com/monsterr00/metric-service.gittest_client/internal/util/flags.go:32.17,34.4 1 0
github.com/monsterr00/metric-service.gittest_client/internal/util/flags.go:37.2,38.11 2 0
github.com/monsterr00/metric-service.gittest_client/internal/util/flags.go:38.11,40.3 1 0
github.com/monsterr00/metric-service.gittest_client/internal/util/flags.go:42.2,43.11 2 0
github.com/monsterr00/metric-service.gittest_client/internal/util/flags.go:43.11,45.17 2 0
github.com/monsterr00/metric-service.gittest_client/internal/util/flags.go:45.17,47.4 1 0
github.com/monsterr00/metric-service.gittest_client/internal/util/flags.go:50.2,51.30 2 0
github.com/monsterr00/metric-service.gittest_client/internal/util/flags.go:51.30,53.3 1 0
github.com/monsterr00/metric-service.gittest_client/internal/util/flags.go:55.2,55.42 1 0
github.com/monsterr00/metric-service.gittest_client/internal/util/flags.go:55.42,57.3 1 0
github.com/monsterr00/metric-service.gittest_client/internal/util/flags.go:57.8,57.87 1 0
github.com/monsterr00/metric-service.gittest_client/internal/util/flags.go:57.87,59.3 1 0
github.com/monsterr00/metric-service.gittest_client/internal/util/flags.go:59.8,61.3 1 0
github.com/monsterr00/metric-service.gittest_client/internal/util/flags.go:63.2,64.11 2 0
github.com/monsterr00/metric-service.gittest_client/internal/util/flags.go:64.11,66.3 1 0
github.com/monsterr00/metric-service.gittest_client/internal/util/flags.go:68.2,68.36 1 0
github.com/monsterr00/metric-service.gittest_client/internal/util/flags.go:68.36,70.3 1 0
github.com/monsterr00/metric-service.gittest_client/internal/util/flags.go:72.2,73.41 2 0
github.com/monsterr00/metric-service.gittest_client/cmd/server/main.go:12.13,26.2 6 0
github.com/monsterr00/metric-service.gittest_client/cmd/agent/flag.go:12.13,18.2 5 0
github.com/monsterr00/metric-service.gittest_client/cmd/agent/flag.go:20.17,24.31 3 0
github.com/monsterr00/metric-service.gittest_client/cmd/agent/flag.go:24.31,26.3 1 0
github.com/monsterr00/metric-service.gittest_client/cmd/agent/flag.go:28.2,29.11 2 0
github.com/monsterr00/metric-service.gittest_client/cmd/agent/flag.go:29.11,31.17 2 0
github.com/monsterr00/metric-service.gittest_client/cmd/agent/flag.go:31.17,33.4 1 0
github.com/monsterr00/metric-service.gittest_client/cmd/agent/flag.go:36.2,37.11 2 0
github.com/monsterr00/metric-service.gittest_client/cmd/agent/flag.go:37.11,39.17 2 0
github.com/monsterr00/metric-service.gittest_client/cmd/agent/flag.go:39.17,41.4 1 0
github.com/monsterr00/metric-service.gittest_client/cmd/agent/flag.go:44.2,45.11 2 0
github.com/monsterr00/metric-service.gittest_client/cmd/agent/flag.go:45.11,47.3 1 0
github.com/monsterr00/metric-service.gittest_client/cmd/agent/flag.go:49.2,49.36 1 0
github.com/monsterr00/metric-service.gittest_client/cmd/agent/flag.go:49.36,51.3 1 0
github.com/monsterr00/metric-service.gittest_client/cmd/agent/flag.go:53.2,54.11 2 0
github.com/monsterr00/metric-service.gittest_client/cmd/agent/flag.go:54.11,56.17 2 0
github.com/monsterr00/metric-service.gittest_client/cmd/agent/flag.go:56.17,58.4 1 0
github.com/monsterr00/metric-service.gittest_client/cmd/agent/flag.go:61.2,62.39 2 0
github.com/monsterr00/metric-service.gittest_client/cmd/agent/main.go:11.13,25.2 6 0
github.com/monsterr00/metric-service.gittest_client/cmd/agent/applayer/app.go:30.44,35.2 1 0
github.com/monsterr00/metric-service.gittest_client/cmd/agent/applayer/app.go:37.61,39.2 1 0
github.com/monsterr00/metric-service.gittest_client/cmd/agent/applayer/app.go:41.26,43.2 1 0
github.com/monsterr00/metric-service.gittest_client/cmd/agent/applayer/app.go:45.28,47.2 1 0
github.com/monsterr00/metric-service.gittest_client/cmd/agent/applayer/app.go:49.30,264.11 182 0
github.com/monsterr00/metric-service.gittest_client/cmd/agent/applayer/app.go:264.11,268.3 3 0
github.com/monsterr00/metric-service.gittest_client/cmd/agent/applayer/app.go:268.8,270.3 1 0
github.com/monsterr00/metric-service.gittest_client/cmd/agent/applayer/app.go:272.2,278.76 6 0
github.com/monsterr00/metric-service.gittest_client/cmd/agent/applayer/app.go:281.30,282.6 1 0
github.com/monsterr00/metric-service.gittest_client/cmd/agent/applayer/app.go:282.6,284.3 1 0
github.com/monsterr00/metric-service.gittest_client/cmd/agent/applayer/app.go:287.38,292.6 4 0
github.com/monsterr00/metric-service.gittest_client/cmd/agent/applayer/app.go:292.6,322.3 23 0
github.com/monsterr00/metric-service.gittest_client/cmd/agent/httplayer/routers.go:30.42,39.2 3 0
github.com/monsterr00/metric-service.gittest_client/cmd/agent/httplayer/routers.go:41.35,46.2 1 0
github.com/monsterr00/metric-service.gittest_client/cmd/agent/httplayer/routers.go:48.30,58.2 7 0
github.com/monsterr00/metric-service.gittest_client/cmd/agent/httplayer/routers.go:60.59,66.38 5 0
github.com/monsterr00/metric-service.gittest_client/cmd/agent/httplayer/routers.go:66.38,69.3 2 0
github.com/monsterr00/metric-service.gittest_client/cmd/agent/httplayer/routers.go:70.2,70.34 1 0
github.com/monsterr00/metric-service.gittest_client/cmd/agent/httplayer/routers.go:70.34,73.3 2 0
github.com/monsterr00/metric-service.gittest_client/cmd/agent/httplayer/routers.go:75.2,75.26 1 0
github.com/monsterr00/metric-service.gittest_client/cmd/agent/httplayer/routers.go:78.33,79.6 1 0
github.com/monsterr00/metric-service.gittest_client/cmd/agent/httplayer/routers.go:79.6,84.17 4 0
github.com/monsterr00/metric-service.gittest_client/cmd/agent/httplayer/routers.go:84.17,86.4 1 0
github.com/monsterr00/metric-service.gittest_client/cmd/agent/httplayer/routers.go:88.3,91.29 3 0
github.com/monsterr00/metric-service.gittest_client/cmd/agent/httplayer/routers.go:91.29,92.19 1 0
github.com/monsterr00/metric-service.gittest_client/cmd/agent/httplayer/routers.go:93.25,95.17 2 0
github.com/monsterr00/metric-service.gittest_client/cmd/agent/httplayer/routers.go:96.27,98.17 2 0
github.com/monsterr00/metric-service.gittest_client/cmd/agent/httplayer/routers.go:101.4,101.49 1 0
github.com/monsterr00/metric-service.gittest_client/cmd/agent/httplayer/routers.go:101.49,102.22 1 0
github.com/monsterr00/metric-service.gittest_client/cmd/agent/httplayer/routers.go:102.22,108.6 5 0
github.com/monsterr00/metric-service.gittest_client/cmd/agent/httplayer/routers.go:113.3,113.20 1 0
github.com/monsterr00/metric-service.gittest_client/cmd/agent/httplayer/routers.go:113.20,117.4 3 0
github.com/monsterr00/metric-service.gittest_client/cmd/agent/httplayer/routers.go:119.3,119.79 1 0
github.com/monsterr00/metric-service.gittest_client/cmd/agent/httplayer/routers.go:123.56,125.16 2 0
github.com/monsterr00/metric-service.gittest_client/cmd/agent/httplayer/routers.go:125.16,127.3 1 0
github.com/monsterr00/metric-service.gittest_client/cmd/agent/httplayer/routers.go:128.2,134.26 2 0
github.com/monsterr00/metric-service.gittest_client/cmd/agent/httplayer/routers.go:137.50,139.35 1 0
github.com/monsterr00/metric-service.gittest_client/cmd/agent/httplayer/routers.go:139.35,143.3 3 0
github.com/monsterr00/metric-service.gittest_client/cmd/agent/httplayer/routers.go:144.2,144.11 1 0
github.com/monsterr00/metric-service.gittest_client/cmd/agent/httplayer/workersPool.go:19.22,25.2 1 0
github.com/monsterr00/metric-service.gittest_client/cmd/agent/httplayer/workersPool.go:27.41,28.61 1 0
github.com/monsterr00/metric-service.gittest_client/cmd/agent/httplayer/workersPool.go:28.61,31.3 2 0
github.com/monsterr00/metric-service.gittest_client/cmd/agent/httplayer/workersPool.go:33.2,33.6 1 0
github.com/monsterr00/metric-service.gittest_client/cmd/agent/httplayer/workersPool.go:33.6,34.10 1 0
github.com/monsterr00/metric-service.gittest_client/cmd/agent/httplayer/workersPool.go:35.21,37.10 2 0
github.com/monsterr00/metric-service.gittest_client/cmd/agent/httplayer/workersPool.go:38.30,39.11 1 0
github.com/monsterr00/metric-service.gittest_client/cmd/agent/httplayer/workersPool.go:39.11,42.5 2 0
github.com/monsterr00/metric-service.gittest_client/cmd/agent/httplayer/workersPool.go:43.4,43.55 1 0
github.com/monsterr00/metric-service.gittest_client/cmd/agent/httplayer/workersPool.go:47.2,47.13 1 0
github.com/monsterr00/metric-service.gittest_client/cmd/agent/httplayer/workersPool.go:50.25,52.25 2 0
github.com/monsterr00/metric-service.gittest_client/cmd/agent/httplayer/workersPool.go:52.25,58.17 4 0
github.com/monsterr00/metric-service.gittest_client/cmd/agent/httplayer/workersPool.go:58.17,60.4 1 0
github.com/monsterr00/metric-service.gittest_client/cmd/agent/httplayer/workersPool.go:64.38,66.2 1 0
github.com/monsterr00/metric-service.gittest_client/cmd/agent/httplayer/workersPool.go:68.23,71.2 2 0
github.com/monsterr00/metric-service.gittest_client/cmd/agent/storelayer/store.go:10.19,14.2 1 0
github.com/monsterr00/metric-service.gittest_client/cmd/server/main.go:12.13,26.2 6 0
github.com/monsterr00/metric-service.gittest_client/cmd/server/applayer/app.go:32.44,37.2 1 0
github.com/monsterr00/metric-service.gittest_client/cmd/server/applayer/app.go:39.80,41.2 1 0
github.com/monsterr00/metric-service.gittest_client/cmd/server/applayer/app.go:43.93,45.11 2 0
github.com/monsterr00/metric-service.gittest_client/cmd/server/applayer/app.go:45.11,47.3 1 0
github.com/monsterr00/metric-service.gittest_client/cmd/server/applayer/app.go:49.2,49.48 1 0
github.com/monsterr00/metric-service.gittest_client/cmd/server/applayer/app.go:52.76,55.48 2 0
github.com/monsterr00/metric-service.gittest_client/cmd/server/applayer/app.go:55.48,58.12 2 0
github.com/monsterr00/metric-service.gittest_client/cmd/server/applayer/app.go:58.12,60.4 1 0
github.com/monsterr00/metric-service.gittest_client/cmd/server/applayer/app.go:60.9,62.4 1 0
github.com/monsterr00/metric-service.gittest_client/cmd/server/applayer/app.go:65.2,65.16 1 0
github.com/monsterr00/metric-service.gittest_client/cmd/server/applayer/app.go:65.16,67.3 1 0
github.com/monsterr00/metric-service.gittest_client/cmd/server/applayer/app.go:69.2,73.12 5 0
github.com/monsterr00/metric-service.gittest_client/cmd/server/applayer/app.go:76.41,78.16 2 0
github.com/monsterr00/metric-service.gittest_client/cmd/server/applayer/app.go:78.16,80.3 1 0
github.com/monsterr00/metric-service.gittest_client/cmd/server/applayer/app.go:81.2,83.16 3 0
github.com/monsterr00/metric-service.gittest_client/cmd/server/applayer/app.go:83.16,85.3 1 0
github.com/monsterr00/metric-service.gittest_client/cmd/server/applayer/app.go:87.2,87.28 1 0
github.com/monsterr00/metric-service.gittest_client/cmd/server/applayer/app.go:87.28,89.17 2 0
github.com/monsterr00/metric-service.gittest_client/cmd/server/applayer/app.go:89.17,91.4 1 0
github.com/monsterr00/metric-service.gittest_client/cmd/server/applayer/app.go:94.3,94.47 1 0
github.com/monsterr00/metric-service.gittest_client/cmd/server/applayer/app.go:94.47,96.4 1 0
github.com/monsterr00/metric-service.gittest_client/cmd/server/applayer/app.go:99.3,99.48 1 0
github.com/monsterr00/metric-service.gittest_client/cmd/server/applayer/app.go:99.48,101.4 1 0
github.com/monsterr00/metric-service.gittest_client/cmd/server/applayer/app.go:104.3,104.40 1 0
github.com/monsterr00/metric-service.gittest_client/cmd/server/applayer/app.go:104.40,106.4 1 0
github.com/monsterr00/metric-service.gittest_client/cmd/server/applayer/app.go:109.2,110.16 2 0
github.com/monsterr00/metric-service.gittest_client/cmd/server/applayer/app.go:110.16,112.3 1 0
github.com/monsterr00/metric-service.gittest_client/cmd/server/applayer/app.go:113.2,113.12 1 0
github.com/monsterr00/metric-service.gittest_client/cmd/server/applayer/app.go:116.41,118.16 2 0
github.com/monsterr00/metric-service.gittest_client/cmd/server/applayer/app.go:118.16,120.3 1 0
github.com/monsterr00/metric-service.gittest_client/cmd/server/applayer/app.go:122.2,126.21 3 0
github.com/monsterr00/metric-service.gittest_client/cmd/server/applayer/app.go:126.21,131.17 4 0
github.com/monsterr00/metric-service.gittest_client/cmd/server/applayer/app.go:131.17,133.4 1 0
github.com/monsterr00/metric-service.gittest_client/cmd/server/applayer/app.go:135.3,136.17 2 0
github.com/monsterr00/metric-service.gittest_client/cmd/server/applayer/app.go:136.17,138.4 1 0
github.com/monsterr00/metric-service.gittest_client/cmd/server/applayer/app.go:140.2,140.12 1 0
github.com/monsterr00/metric-service.gittest_client/cmd/server/applayer/app.go:143.39,148.16 4 0
github.com/monsterr00/metric-service.gittest_client/cmd/server/applayer/app.go:148.16,150.3 1 0
github.com/monsterr00/metric-service.gittest_client/cmd/server/applayer/app.go:151.2,151.12 1 0
github.com/monsterr00/metric-service.gittest_client/cmd/server/applayer/app.go:154.32,156.16 2 0
github.com/monsterr00/metric-service.gittest_client/cmd/server/applayer/app.go:156.16,158.3 1 0
github.com/monsterr00/metric-service.gittest_client/cmd/server/applayer/app.go:159.2,159.12 1 0
github.com/monsterr00/metric-service.gittest_client/cmd/server/applayer/app.go:162.33,164.16 2 0
github.com/monsterr00/metric-service.gittest_client/cmd/server/applayer/app.go:164.16,166.3 1 0
github.com/monsterr00/metric-service.gittest_client/cmd/server/applayer/app.go:167.2,167.12 1 0
github.com/monsterr00/metric-service.gittest_client/cmd/server/applayer/app.go:170.79,172.2 1 0
github.com/monsterr00/metric-service.gittest_client/cmd/server/applayer/app.go:174.79,176.2 1 0
github.com/monsterr00/metric-service.gittest_client/cmd/server/applayer/app.go:178.85,180.2 1 0
github.com/monsterr00/metric-service.gittest_client/cmd/server/httplayer/handlers.go:28.77,36.16 5 0
github.com/monsterr00/metric-service.gittest_client/cmd/server/httplayer/handlers.go:36.16,39.3 2 0
github.com/monsterr00/metric-service.gittest_client/cmd/server/httplayer/handlers.go:41.2,41.28 1 0
github.com/monsterr00/metric-service.gittest_client/cmd/server/httplayer/handlers.go:41.28,42.18 1 0
github.com/monsterr00/metric-service.gittest_client/cmd/server/httplayer/handlers.go:43.24,44.50 1 0
github.com/monsterr00/metric-service.gittest_client/cmd/server/httplayer/handlers.go:45.26,46.50 1 0
github.com/monsterr00/metric-service.gittest_client/cmd/server/httplayer/handlers.go:50.2,53.16 4 0
github.com/monsterr00/metric-service.gittest_client/cmd/server/httplayer/handlers.go:53.16,55.3 1 0
github.com/monsterr00/metric-service.gittest_client/cmd/server/httplayer/handlers.go:58.75,64.16 4 0
github.com/monsterr00/metric-service.gittest_client/cmd/server/httplayer/handlers.go:64.16,67.3 2 0
github.com/monsterr00/metric-service.gittest_client/cmd/server/httplayer/handlers.go:70.2,71.60 2 0
github.com/monsterr00/metric-service.gittest_client/cmd/server/httplayer/handlers.go:71.60,74.3 2 0
github.com/monsterr00/metric-service.gittest_client/cmd/server/httplayer/handlers.go:76.2,79.22 3 0
github.com/monsterr00/metric-service.gittest_client/cmd/server/httplayer/handlers.go:80.42,82.17 2 0
github.com/monsterr00/metric-service.gittest_client/cmd/server/httplayer/handlers.go:82.17,85.4 2 0
github.com/monsterr00/metric-service.gittest_client/cmd/server/httplayer/handlers.go:86.10,88.9 2 0
github.com/monsterr00/metric-service.gittest_client/cmd/server/httplayer/handlers.go:91.2,92.16 2 0
github.com/monsterr00/metric-service.gittest_client/cmd/server/httplayer/handlers.go:92.16,95.3 2 0
github.com/monsterr00/metric-service.gittest_client/cmd/server/httplayer/handlers.go:97.2,100.16 4 0
github.com/monsterr00/metric-service.gittest_client/cmd/server/httplayer/handlers.go:100.16,102.3 1 0
github.com/monsterr00/metric-service.gittest_client/cmd/server/httplayer/handlers.go:105.81,110.41 4 0
github.com/monsterr00/metric-service.gittest_client/cmd/server/httplayer/handlers.go:110.41,116.18 3 0
github.com/monsterr00/metric-service.gittest_client/cmd/server/httplayer/handlers.go:117.24,119.18 2 0
github.com/monsterr00/metric-service.gittest_client/cmd/server/httplayer/handlers.go:119.18,122.19 3 0
github.com/monsterr00/metric-service.gittest_client/cmd/server/httplayer/handlers.go:122.19,124.6 1 0
github.com/monsterr00/metric-service.gittest_client/cmd/server/httplayer/handlers.go:125.10,128.5 2 0
github.com/monsterr00/metric-service.gittest_client/cmd/server/httplayer/handlers.go:129.26,131.18 2 0
github.com/monsterr00/metric-service.gittest_client/cmd/server/httplayer/handlers.go:131.18,134.19 3 0
github.com/monsterr00/metric-service.gittest_client/cmd/server/httplayer/handlers.go:134.19,136.6 1 0
github.com/monsterr00/metric-service.gittest_client/cmd/server/httplayer/handlers.go:137.10,140.5 2 0
github.com/monsterr00/metric-service.gittest_client/cmd/server/httplayer/handlers.go:141.11,143.10 2 0
github.com/monsterr00/metric-service.gittest_client/cmd/server/httplayer/handlers.go:145.8,148.3 2 0
github.com/monsterr00/metric-service.gittest_client/cmd/server/httplayer/handlers.go:151.82,156.42 4 0
github.com/monsterr00/metric-service.gittest_client/cmd/server/httplayer/handlers.go:156.42,167.18 6 0
github.com/monsterr00/metric-service.gittest_client/cmd/server/httplayer/handlers.go:168.24,169.43 1 0
github.com/monsterr00/metric-service.gittest_client/cmd/server/httplayer/handlers.go:169.43,173.19 4 0
github.com/monsterr00/metric-service.gittest_client/cmd/server/httplayer/handlers.go:173.19,176.6 2 0
github.com/monsterr00/metric-service.gittest_client/cmd/server/httplayer/handlers.go:177.5,179.19 3 0
github.com/monsterr00/metric-service.gittest_client/cmd/server/httplayer/handlers.go:179.19,182.6 2 0
github.com/monsterr00/metric-service.gittest_client/cmd/server/httplayer/handlers.go:184.4,185.18 2 0
github.com/monsterr00/metric-service.gittest_client/cmd/server/httplayer/handlers.go:185.18,187.5 1 0
github.com/monsterr00/metric-service.gittest_client/cmd/server/httplayer/handlers.go:188.26,192.18 4 0
github.com/monsterr00/metric-service.gittest_client/cmd/server/httplayer/handlers.go:192.18,195.5 2 0
github.com/monsterr00/metric-service.gittest_client/cmd/server/httplayer/handlers.go:196.4,199.18 3 0
github.com/monsterr00/metric-service.gittest_client/cmd/server/httplayer/handlers.go:199.18,202.33 2 0
github.com/monsterr00/metric-service.gittest_client/cmd/server/httplayer/handlers.go:202.33,204.6 1 0
github.com/monsterr00/metric-service.gittest_client/cmd/server/httplayer/handlers.go:204.11,206.6 1 0
github.com/monsterr00/metric-service.gittest_client/cmd/server/httplayer/handlers.go:208.5,208.28 1 0
github.com/monsterr00/metric-service.gittest_client/cmd/server/httplayer/handlers.go:208.28,211.6 2 0
github.com/monsterr00/metric-service.gittest_client/cmd/server/httplayer/handlers.go:213.4,214.18 2 0
github.com/monsterr00/metric-service.gittest_client/cmd/server/httplayer/handlers.go:214.18,217.5 2 0
github.com/monsterr00/metric-service.gittest_client/cmd/server/httplayer/handlers.go:219.4,220.18 2 0
github.com/monsterr00/metric-service.gittest_client/cmd/server/httplayer/handlers.go:220.18,222.5 1 0
github.com/monsterr00/metric-service.gittest_client/cmd/server/httplayer/handlers.go:223.11,225.10 2 0
github.com/monsterr00/metric-service.gittest_client/cmd/server/httplayer/handlers.go:227.8,230.3 2 0
github.com/monsterr00/metric-service.gittest_client/cmd/server/httplayer/handlers.go:232.2,232.32 1 0
github.com/monsterr00/metric-service.gittest_client/cmd/server/httplayer/handlers.go:235.76,240.16 4 0
github.com/monsterr00/metric-service.gittest_client/cmd/server/httplayer/handlers.go:240.16,243.3 2 0
github.com/monsterr00/metric-service.gittest_client/cmd/server/httplayer/handlers.go:246.2,247.49 2 0
github.com/monsterr00/metric-service.gittest_client/cmd/server/httplayer/handlers.go:247.49,248.40 1 0
github.com/monsterr00/metric-service.gittest_client/cmd/server/httplayer/handlers.go:248.40,251.4 2 0
github.com/monsterr00/metric-service.gittest_client/cmd/server/httplayer/handlers.go:255.2,256.60 2 0
github.com/monsterr00/metric-service.gittest_client/cmd/server/httplayer/handlers.go:256.60,259.3 2 0
github.com/monsterr00/metric-service.gittest_client/cmd/server/httplayer/handlers.go:260.2,261.44 2 0
github.com/monsterr00/metric-service.gittest_client/cmd/server/httplayer/handlers.go:264.72,268.16 3 0
github.com/monsterr00/metric-service.gittest_client/cmd/server/httplayer/handlers.go:268.16,271.3 2 0
github.com/monsterr00/metric-service.gittest_client/cmd/server/httplayer/handlers.go:273.2,273.32 1 0
github.com/monsterr00/metric-service.gittest_client/cmd/server/httplayer/handlers.go:276.77,282.16 4 0
github.com/monsterr00/metric-service.gittest_client/cmd/server/httplayer/handlers.go:282.16,285.3 2 0
github.com/monsterr00/metric-service.gittest_client/cmd/server/httplayer/handlers.go:288.2,289.49 2 0
github.com/monsterr00/metric-service.gittest_client/cmd/server/httplayer/handlers.go:289.49,290.40 1 0
github.com/monsterr00/metric-service.gittest_client/cmd/server/httplayer/handlers.go:290.40,293.4 2 0
github.com/monsterr00/metric-service.gittest_client/cmd/server/httplayer/handlers.go:297.2,298.61 2 0
github.com/monsterr00/metric-service.gittest_client/cmd/server/httplayer/handlers.go:298.61,301.3 2 0
github.com/monsterr00/metric-service.gittest_client/cmd/server/httplayer/handlers.go:303.2,305.33 2 0
github.com/monsterr00/metric-service.gittest_client/cmd/server/httplayer/handlers.go:305.33,307.3 1 0
github.com/monsterr00/metric-service.gittest_client/cmd/server/httplayer/handlers.go:310.117,313.22 2 0
github.com/monsterr00/metric-service.gittest_client/cmd/server/httplayer/handlers.go:314.23,316.17 2 0
github.com/monsterr00/metric-service.gittest_client/cmd/server/httplayer/handlers.go:316.17,319.4 2 0
github.com/monsterr00/metric-service.gittest_client/cmd/server/httplayer/handlers.go:321.25,323.17 2 0
github.com/monsterr00/metric-service.gittest_client/cmd/server/httplayer/handlers.go:323.17,327.32 2 0
github.com/monsterr00/metric-service.gittest_client/cmd/server/httplayer/handlers.go:327.32,329.5 1 0
github.com/monsterr00/metric-service.gittest_client/cmd/server/httplayer/handlers.go:329.10,331.5 1 0
github.com/monsterr00/metric-service.gittest_client/cmd/server/httplayer/handlers.go:333.4,333.27 1 0
github.com/monsterr00/metric-service.gittest_client/cmd/server/httplayer/handlers.go:333.27,336.5 2 0
github.com/monsterr00/metric-service.gittest_client/cmd/server/httplayer/handlers.go:338.3,339.17 2 0
github.com/monsterr00/metric-service.gittest_client/cmd/server/httplayer/handlers.go:339.17,343.4 2 0
github.com/monsterr00/metric-service.gittest_client/cmd/server/httplayer/handlers.go:344.10,346.9 2 0
github.com/monsterr00/metric-service.gittest_client/cmd/server/httplayer/handlers.go:349.2,350.16 2 0
github.com/monsterr00/metric-service.gittest_client/cmd/server/httplayer/handlers.go:350.16,353.3 2 0
github.com/monsterr00/metric-service.gittest_client/cmd/server/httplayer/handlers.go:355.2,360.16 6 0
github.com/monsterr00/metric-service.gittest_client/cmd/server/httplayer/handlers.go:360.16,362.3 1 0
github.com/monsterr00/metric-service.gittest_client/cmd/server/httplayer/handlers.go:365.62,372.16 6 0
github.com/monsterr00/metric-service.gittest_client/cmd/server/httplayer/handlers.go:372.16,374.3 1 0
github.com/monsterr00/metric-service.gittest_client/cmd/server/httplayer/handlers.go:375.2,375.35 1 0
github.com/monsterr00/metric-service.gittest_client/cmd/server/httplayer/handlers.go:375.35,377.3 1 0
github.com/monsterr00/metric-service.gittest_client/cmd/server/httplayer/handlers.go:377.8,379.3 1 0
github.com/monsterr00/metric-service.gittest_client/cmd/server/httplayer/middleware.go:39.62,44.2 3 0
github.com/monsterr00/metric-service.gittest_client/cmd/server/httplayer/middleware.go:46.61,50.2 2 0
github.com/monsterr00/metric-service.gittest_client/cmd/server/httplayer/middleware.go:54.70,55.56 1 0
github.com/monsterr00/metric-service.gittest_client/cmd/server/httplayer/middleware.go:55.56,77.3 6 0
github.com/monsterr00/metric-service.gittest_client/cmd/server/httplayer/middleware.go:78.2,78.32 1 0
github.com/monsterr00/metric-service.gittest_client/cmd/server/httplayer/middleware.go:81.73,82.54 1 0
github.com/monsterr00/metric-service.gittest_client/cmd/server/httplayer/middleware.go:82.54,98.19 11 0
github.com/monsterr00/metric-service.gittest_client/cmd/server/httplayer/middleware.go:98.19,105.4 3 0
github.com/monsterr00/metric-service.gittest_client/cmd/server/httplayer/middleware.go:108.3,112.33 5 0
github.com/monsterr00/metric-service.gittest_client/cmd/server/httplayer/middleware.go:112.33,115.18 2 0
github.com/monsterr00/metric-service.gittest_client/cmd/server/httplayer/middleware.go:115.18,118.5 2 0
github.com/monsterr00/metric-service.gittest_client/cmd/server/httplayer/middleware.go:120.4,121.20 2 0
github.com/monsterr00/metric-service.gittest_client/cmd/server/httplayer/middleware.go:125.3,125.21 1 0
github.com/monsterr00/metric-service.gittest_client/cmd/server/httplayer/middleware.go:129.63,134.2 1 0
github.com/monsterr00/metric-service.gittest_client/cmd/server/httplayer/middleware.go:136.47,138.2 1 0
github.com/monsterr00/metric-service.gittest_client/cmd/server/httplayer/middleware.go:140.55,142.2 1 0
github.com/monsterr00/metric-service.gittest_client/cmd/server/httplayer/middleware.go:144.54,145.22 1 0
github.com/monsterr00/metric-service.gittest_client/cmd/server/httplayer/middleware.go:145.22,147.3 1 0
github.com/monsterr00/metric-service.gittest_client/cmd/server/httplayer/middleware.go:148.2,148.29 1 0
github.com/monsterr00/metric-service.gittest_client/cmd/server/httplayer/middleware.go:152.40,154.2 1 0
github.com/monsterr00/metric-service.gittest_client/cmd/server/httplayer/middleware.go:156.66,158.16 2 0
github.com/monsterr00/metric-service.gittest_client/cmd/server/httplayer/middleware.go:158.16,160.3 1 0
github.com/monsterr00/metric-service.gittest_client/cmd/server/httplayer/middleware.go:162.2,165.8 1 0
github.com/monsterr00/metric-service.gittest_client/cmd/server/httplayer/middleware.go:168.59,170.2 1 0
github.com/monsterr00/metric-service.gittest_client/cmd/server/httplayer/middleware.go:172.40,173.36 1 0
github.com/monsterr00/metric-service.gittest_client/cmd/server/httplayer/middleware.go:173.36,175.3 1 0
github.com/monsterr00/metric-service.gittest_client/cmd/server/httplayer/middleware.go:176.2,176.21 1 0
github.com/monsterr00/metric-service.gittest_client/cmd/server/httplayer/routers.go:21.42,23.16 2 0
github.com/monsterr00/metric-service.gittest_client/cmd/server/httplayer/routers.go:23.16,25.3 1 0
github.com/monsterr00/metric-service.gittest_client/cmd/server/httplayer/routers.go:26.2,26.15 1 0
github.com/monsterr00/metric-service.gittest_client/cmd/server/httplayer/routers.go:26.15,27.39 1 0
github.com/monsterr00/metric-service.gittest_client/cmd/server/httplayer/routers.go:27.39,29.4 1 0
github.com/monsterr00/metric-service.gittest_client/cmd/server/httplayer/routers.go:32.2,41.12 5 0
github.com/monsterr00/metric-service.gittest_client/cmd/server/httplayer/routers.go:44.35,59.2 13 0
github.com/monsterr00/metric-service.gittest_client/cmd/server/httplayer/routers.go:61.30,63.16 2 0
github.com/monsterr00/metric-service.gittest_client/cmd/server/httplayer/routers.go:63.16,65.3 1 0
github.com/monsterr00/metric-service.gittest_client/cmd/server/httplayer/routers.go:66.2,67.15 2 0
github.com/monsterr00/metric-service.gittest_client/cmd/server/httplayer/routers.go:70.35,71.50 1 0
github.com/monsterr00/metric-service.gittest_client/cmd/server/httplayer/routers.go:71.50,73.17 2 0
github.com/monsterr00/metric-service.gittest_client/cmd/server/httplayer/routers.go:73.17,75.4 1 0
github.com/monsterr00/metric-service.gittest_client/cmd/server/httplayer/routers.go:79.43,80.92 1 0
github.com/monsterr00/metric-service.gittest_client/cmd/server/httplayer/routers.go:80.92,81.7 1 0
github.com/monsterr00/metric-service.gittest_client/cmd/server/httplayer/routers.go:81.7,83.18 2 0
github.com/monsterr00/metric-service.gittest_client/cmd/server/httplayer/routers.go:83.18,85.5 1 0
github.com/monsterr00/metric-service.gittest_client/cmd/server/httplayer/routers.go:86.4,86.79 1 0
github.com/monsterr00/metric-service.gittest_client/cmd/server/httplayer/routers.go:91.39,92.93 1 0
github.com/monsterr00/metric-service.gittest_client/cmd/server/httplayer/routers.go:92.93,94.17 2 0
github.com/monsterr00/metric-service.gittest_client/cmd/server/httplayer/routers.go:94.17,96.4 1 0
github.com/monsterr00/metric-service.gittest_client/cmd/server/httplayer/routers.go:100.35,101.82 1 0
github.com/monsterr00/metric-service.gittest_client/cmd/server/httplayer/routers.go:101.82,103.17 2 0
github.com/monsterr00/metric-service.gittest_client/cmd/server/httplayer/routers.go:103.17,105.4 1 0
github.com/monsterr00/metric-service.gittest_client/cmd/server/httplayer/routers.go:108.2,108.48 1 0
github.com/monsterr00/metric-service.gittest_client/cmd/server/httplayer/routers.go:108.48,110.17 2 0
github.com/monsterr00/metric-service.gittest_client/cmd/server/httplayer/routers.go:110.17,112.4 1 0
github.com/monsterr00/metric-service.gittest_client/cmd/server/httplayer/routers.go:116.31,118.16 2 0
github.com/monsterr00/metric-service.gittest_client/cmd/server/httplayer/routers.go:118.16,120.3 1 0
github.com/monsterr00/metric-service.gittest_client/cmd/server/storelayer/store.go:39.19,40.48 1 0
github.com/monsterr00/metric-service.gittest_client/cmd/server/storelayer/store.go:40.48,42.17 2 0
github.com/monsterr00/metric-service.gittest_client/cmd/server/storelayer/store.go:42.17,44.4 1 0
github.com/monsterr00/metric-service.gittest_client/cmd/server/storelayer/store.go:46.3,49.17 3 0
github.com/monsterr00/metric-service.gittest_client/cmd/server/storelayer/store.go:49.17,51.4 1 0
github.com/monsterr00/metric-service.gittest_client/cmd/server/storelayer/store.go:53.3,56.17 2 0
github.com/monsterr00/metric-service.gittest_client/cmd/server/storelayer/store.go:56.17,58.4 1 0
github.com/monsterr00/metric-service.gittest_client/cmd/server/storelayer/store.go:60.3,60.32 1 0
github.com/monsterr00/metric-service.gittest_client/cmd/server/storelayer/store.go:60.32,61.34 1 0
github.com/monsterr00/metric-service.gittest_client/cmd/server/storelayer/store.go:61.34,63.5 1 0
github.com/monsterr00/metric-service.gittest_client/cmd/server/storelayer/store.go:66.3,71.17 3 0
github.com/monsterr00/metric-service.gittest_client/cmd/server/storelayer/store.go:71.17,73.4 1 0
github.com/monsterr00/metric-service.gittest_client/cmd/server/storelayer/store.go:74.3,74.15 1 0
github.com/monsterr00/metric-service.gittest_client/cmd/server/storelayer/store.go:77.2,81.14 2 0
github.com/monsterr00/metric-service.gittest_client/cmd/server/storelayer/store.go:84.34,85.23 1 0
github.com/monsterr00/metric-service.gittest_client/cmd/server/storelayer/store.go:85.23,87.3 1 0
github.com/monsterr00/metric-service.gittest_client/cmd/server/storelayer/store.go:89.2,91.16 2 0
github.com/monsterr00/metric-service.gittest_client/cmd/server/storelayer/store.go:91.16,94.13 3 0
github.com/monsterr00/metric-service.gittest_client/cmd/server/storelayer/store.go:94.13,96.61 2 0
github.com/monsterr00/metric-service.gittest_client/cmd/server/storelayer/store.go:96.61,100.19 3 0
github.com/monsterr00/metric-service.gittest_client/cmd/server/storelayer/store.go:100.19,102.6 1 0
github.com/monsterr00/metric-service.gittest_client/cmd/server/storelayer/store.go:102.11,103.11 1 0
github.com/monsterr00/metric-service.gittest_client/cmd/server/storelayer/store.go:107.4,107.14 1 0
github.com/monsterr00/metric-service.gittest_client/cmd/server/storelayer/store.go:110.2,110.12 1 0
github.com/monsterr00/metric-service.gittest_client/cmd/server/storelayer/store.go:113.35,115.2 1 0
github.com/monsterr00/metric-service.gittest_client/cmd/server/storelayer/store.go:117.77,119.16 2 0
github.com/monsterr00/metric-service.gittest_client/cmd/server/storelayer/store.go:119.16,121.3 1 0
github.com/monsterr00/metric-service.gittest_client/cmd/server/storelayer/store.go:123.2,129.16 2 0
github.com/monsterr00/metric-service.gittest_client/cmd/server/storelayer/store.go:129.16,132.3 1 0
github.com/monsterr00/metric-service.gittest_client/cmd/server/storelayer/store.go:133.2,133.20 1 0
github.com/monsterr00/metric-service.gittest_client/cmd/server/storelayer/store.go:136.77,138.16 2 0
github.com/monsterr00/metric-service.gittest_client/cmd/server/storelayer/store.go:138.16,140.3 1 0
github.com/monsterr00/metric-service.gittest_client/cmd/server/storelayer/store.go:142.2,148.16 2 0
github.com/monsterr00/metric-service.gittest_client/cmd/server/storelayer/store.go:148.16,151.3 1 0
github.com/monsterr00/metric-service.gittest_client/cmd/server/storelayer/store.go:153.2,153.20 1 0
github.com/monsterr00/metric-service.gittest_client/cmd/server/storelayer/store.go:180.82,190.16 2 0
github.com/monsterr00/metric-service.gittest_client/cmd/server/storelayer/store.go:190.16,192.3 1 0
github.com/monsterr00/metric-service.gittest_client/cmd/server/storelayer/store.go:194.2,198.18 3 0
github.com/monsterr00/metric-service.gittest_client/cmd/server/storelayer/store.go:198.18,200.72 2 0
github.com/monsterr00/metric-service.gittest_client/cmd/server/storelayer/store.go:200.72,202.4 1 0
github.com/monsterr00/metric-service.gittest_client/cmd/server/storelayer/store.go:203.3,203.20 1 0
github.com/monsterr00/metric-service.gittest_client/cmd/server/storelayer/store.go:205.2,205.35 1 0
github.com/monsterr00/metric-service.gittest_client/cmd/server/storelayer/store.go:205.35,207.3 1 0
github.com/monsterr00/metric-service.gittest_client/cmd/server/storelayer/store.go:209.2,209.21 1 0
github.com/monsterr00/metric-service.gittest_client/internal/config/config.go:33.27,35.2 1 0
github.com/monsterr00/metric-service.gittest_client/internal/helpers/helpers.go:3.60,22.2 1 0
github.com/monsterr00/metric-service.gittest_client/internal/util/flags.go:12.13,19.2 6 0
github.com/monsterr00/metric-service.gittest_client/internal/util/flags.go:21.17,25.31 3 0
github.com/monsterr00/metric-service.gittest_client/internal/util/flags.go:25.31,27.3 1 0
github.com/monsterr00/metric-service.gittest_client/internal/util/flags.go:29.2,30.11 2 0
github.com/monsterr00/metric-service.gittest_client/internal/util/flags.go:30.11,32.17 2 0
github.com/monsterr00/metric-service.gittest_client/internal/util/flags.go:32.17,34.4 1 0
github.com/monsterr00/metric-service.gittest_client/internal/util/flags.go:37.2,38.11 2 0
github.com/monsterr00/metric-service.gittest_client/internal/util/flags.go:38.11,40.3 1 0
github.com/monsterr00/metric-service.gittest_client/internal/util/flags.go:42.2,43.11 2 0
github.com/monsterr00/metric-service.gittest_client/internal/util/flags.go:43.11,45.17 2 0
github.com/monsterr00/metric-service.gittest_client/internal/util/flags.go:45.17,47.4 1 0
github.com/monsterr00/metric-service.gittest_client/internal/util/flags.go:50.2,51.30 2 0
github.com/monsterr00/metric-service.gittest_client/internal/util/flags.go:51.30,53.3 1 0
github.com/monsterr00/metric-service.gittest_client/internal/util/flags.go:55.2,55.42 1 0
github.com/monsterr00/metric-service.gittest_client/internal/util/flags.go:55.42,57.3 1 0
github.com/monsterr00/metric-service.gittest_client/internal/util/flags.go:57.8,57.87 1 0
github.com/monsterr00/metric-service.gittest_client/internal/util/flags.go:57.87,59.3 1 0
github.com/monsterr00/metric-service.gittest_client/internal/util/flags.go:59.8,61.3 1 0
github.com/monsterr00/metric-service.gittest_client/internal/util/flags.go:63.2,64.11 2 0
github.com/monsterr00/metric-service.gittest_client/internal/util/flags.go:64.11,66.3 1 0
github.com/monsterr00/metric-service.gittest_client/internal/util/flags.go:68.2,68.36 1 0
github.com/monsterr00/metric-service.gittest_client/internal/util/flags.go:68.36,70.3 1 0
github.com/monsterr00/metric-service.gittest_client/internal/util/flags.go:72.2,73.41 2 0
github.com/monsterr00/metric-service.gittest_client/internal/config/config.go:33.27,35.2 1 0
github.com/monsterr00/metric-service.gittest_client/cmd/agent/flag.go:12.13,18.2 5 0
github.com/monsterr00/metric-service.gittest_client/cmd/agent/flag.go:20.17,24.31 3 0
github.com/monsterr00/metric-service.gittest_client/cmd/agent/flag.go:24.31,26.3 1 0
github.com/monsterr00/metric-service.gittest_client/cmd/agent/flag.go:28.2,29.11 2 0
github.com/monsterr00/metric-service.gittest_client/cmd/agent/flag.go:29.11,31.17 2 0
github.com/monsterr00/metric-service.gittest_client/cmd/agent/flag.go:31.17,33.4 1 0
github.com/monsterr00/metric-service.gittest_client/cmd/agent/flag.go:36.2,37.11 2 0
github.com/monsterr00/metric-service.gittest_client/cmd/agent/flag.go:37.11,39.17 2 0
github.com/monsterr00/metric-service.gittest_client/cmd/agent/flag.go:39.17,41.4 1 0
github.com/monsterr00/metric-service.gittest_client/cmd/agent/flag.go:44.2,45.11 2 0
github.com/monsterr00/metric-service.gittest_client/cmd/agent/flag.go:45.11,47.3 1 0
github.com/monsterr00/metric-service.gittest_client/cmd/agent/flag.go:49.2,49.36 1 0
github.com/monsterr00/metric-service.gittest_client/cmd/agent/flag.go:49.36,51.3 1 0
github.com/monsterr00/metric-service.gittest_client/cmd/agent/flag.go:53.2,54.11 2 0
github.com/monsterr00/metric-service.gittest_client/cmd/agent/flag.go:54.11,56.17 2 0
github.com/monsterr00/metric-service.gittest_client/cmd/agent/flag.go:56.17,58.4 1 0
github.com/monsterr00/metric-service.gittest_client/cmd/agent/flag.go:61.2,62.39 2 0
github.com/monsterr00/metric-service.gittest_client/cmd/agent/main.go:11.13,25.2 6 0
github.com/monsterr00/metric-service.gittest_client/cmd/agent/applayer/app.go:30.44,35.2 1 0
github.com/monsterr00/metric-service.gittest_client/cmd/agent/applayer/app.go:37.61,39.2 1 0
github.com/monsterr00/metric-service.gittest_client/cmd/agent/applayer/app.go:41.26,43.2 1 0
github.com/monsterr00/metric-service.gittest_client/cmd/agent/applayer/app.go:45.28,47.2 1 0
github.com/monsterr00/metric-service.gittest_client/cmd/agent/applayer/app.go:49.30,264.11 182 0
github.com/monsterr00/metric-service.gittest_client/cmd/agent/applayer/app.go:264.11,268.3 3 0
github.com/monsterr00/metric-service.gittest_client/cmd/agent/applayer/app.go:268.8,270.3 1 0
github.com/monsterr00/metric-service.gittest_client/cmd/agent/applayer/app.go:272.2,278.76 6 0
github.com/monsterr00/metric-service.gittest_client/cmd/agent/applayer/app.go:281.30,282.6 1 0
github.com/monsterr00/metric-service.gittest_client/cmd/agent/applayer/app.go:282.6,284.3 1 0
github.com/monsterr00/metric-service.gittest_client/cmd/agent/applayer/app.go:287.38,292.6 4 0
github.com/monsterr00/metric-service.gittest_client/cmd/agent/applayer/app.go:292.6,322.3 23 0
github.com/monsterr00/metric-service.gittest_client/cmd/agent/httplayer/routers.go:30.42,39.2 3 0
github.com/monsterr00/metric-service.gittest_client/cmd/agent/httplayer/routers.go:41.35,46.2 1 0
github.com/monsterr00/metric-service.gittest_client/cmd/agent/httplayer/routers.go:48.30,58.2 7 0
github.com/monsterr00/metric-service.gittest_client/cmd/agent/httplayer/routers.go:60.59,66.38 5 0
github.com/monsterr00/metric-service.gittest_client/cmd/agent/httplayer/routers.go:66.38,69.3 2 0
github.com/monsterr00/metric-service.gittest_client/cmd/agent/httplayer/routers.go:70.2,70.34 1 0
github.com/monsterr00/metric-service.gittest_client/cmd/agent/httplayer/routers.go:70.34,73.3 2 0
github.com/monsterr00/metric-service.gittest_client/cmd/agent/httplayer/routers.go:75.2,75.26 1 0
github.com/monsterr00/metric-service.gittest_client/cmd/agent/httplayer/routers.go:78.33,79.6 1 0
github.com/monsterr00/metric-service.gittest_client/cmd/agent/httplayer/routers.go:79.6,84.17 4 0
github.com/monsterr00/metric-service.gittest_client/cmd/agent/httplayer/routers.go:84.17,86.4 1 0
github.com/monsterr00/metric-service.gittest_client/cmd/agent/httplayer/routers.go:88.3,91.29 3 0
github.com/monsterr00/metric-service.gittest_client/cmd/agent/httplayer/routers.go:91.29,92.19 1 0
github.com/monsterr00/metric-service.gittest_client/cmd/agent/httplayer/routers.go:93.25,95.17 2 0
github.com/monsterr00/metric-service.gittest_client/cmd/agent/httplayer/routers.go:96.27,98.17 2 0
github.com/monsterr00/metric-service.gittest_client/cmd/agent/httplayer/routers.go:101.4,101.49 1 0
github.com/monsterr00/metric-service.gittest_client/cmd/agent/httplayer/routers.go:101.49,102.22 1 0
github.com/monsterr00/metric-service.gittest_client/cmd/agent/httplayer/routers.go:102.22,108.6 5 0
github.com/monsterr00/metric-service.gittest_client/cmd/agent/httplayer/routers.go:113.3,113.20 1 0
github.com/monsterr00/metric-service.gittest_client/cmd/agent/httplayer/routers.go:113.20,117.4 3 0
github.com/monsterr00/metric-service.gittest_client/cmd/agent/httplayer/routers.go:119.3,119.79 1 0
github.com/monsterr00/metric-service.gittest_client/cmd/agent/httplayer/routers.go:123.56,125.16 2 0
github.com/monsterr00/metric-service.gittest_client/cmd/agent/httplayer/routers.go:125.16,127.3 1 0
github.com/monsterr00/metric-service.gittest_client/cmd/agent/httplayer/routers.go:128.2,134.26 2 0
github.com/monsterr00/metric-service.gittest_client/cmd/agent/httplayer/routers.go:137.50,139.35 1 0
github.com/monsterr00/metric-service.gittest_client/cmd/agent/httplayer/routers.go:139.35,143.3 3 0
github.com/monsterr00/metric-service.gittest_client/cmd/agent/httplayer/routers.go:144.2,144.11 1 0
github.com/monsterr00/metric-service.gittest_client/cmd/agent/httplayer/workersPool.go:19.22,25.2 1 0
github.com/monsterr00/metric-service.gittest_client/cmd/agent/httplayer/workersPool.go:27.41,28.61 1 0
github.com/monsterr00/metric-service.gittest_client/cmd/agent/httplayer/workersPool.go:28.61,31.3 2 0
github.com/monsterr00/metric-service.gittest_client/cmd/agent/httplayer/workersPool.go:33.2,33.6 1 0
github.com/monsterr00/metric-service.gittest_client/cmd/agent/httplayer/workersPool.go:33.6,34.10 1 0
github.com/monsterr00/metric-service.gittest_client/cmd/agent/httplayer/workersPool.go:35.21,37.10 2 0
github.com/monsterr00/metric-service.gittest_client/cmd/agent/httplayer/workersPool.go:38.30,39.11 1 0
github.com/monsterr00/metric-service.gittest_client/cmd/agent/httplayer/workersPool.go:39.11,42.5 2 0
github.com/monsterr00/metric-service.gittest_client/cmd/agent/httplayer/workersPool.go:43.4,43.55 1 0
[...]
github.com/monsterr00/metric-service.gittest_client/cmd/server/httplayer/handlers.go:119.18,122.19 3 1
github.com/monsterr00/metric-service.gittest_client/cmd/server/httplayer/handlers.go:122.19,124.6 1 0
github.com/monsterr00/metric-service.gittest_client/cmd/server/httplayer/handlers.go:125.10,128.5 2 1
github.com/monsterr00/metric-service.gittest_client/cmd/server/httplayer/handlers.go:129.26,131.18 2 1
github.com/monsterr00/metric-service.gittest_client/cmd/server/httplayer/handlers.go:131.18,134.19 3 1
github.com/monsterr00/metric-service.gittest_client/cmd/server/httplayer/handlers.go:134.19,136.6 1 0
github.com/monsterr00/metric-service.gittest_client/cmd/server/httplayer/handlers.go:137.10,140.5 2 1
github.com/monsterr00/metric-service.gittest_client/cmd/server/httplayer/handlers.go:141.11,143.10 2 1
github.com/monsterr00/metric-service.gittest_client/cmd/server/httplayer/handlers.go:145.8,148.3 2 1
github.com/monsterr00/metric-service.gittest_client/cmd/server/httplayer/handlers.go:151.82,156.42 4 1
github.com/monsterr00/metric-service.gittest_client/cmd/server/httplayer/handlers.go:156.42,167.18 6 1
github.com/monsterr00/metric-service.gittest_client/cmd/server/httplayer/handlers.go:168.24,169.43 1 1
github.com/monsterr00/metric-service.gittest_client/cmd/server/httplayer/handlers.go:169.43,173.19 4 1
github.com/monsterr00/metric-service.gittest_client/cmd/server/httplayer/handlers.go:173.19,176.6 2 0
github.com/monsterr00/metric-service.gittest_client/cmd/server/httplayer/handlers.go:177.5,179.19 3 1
github.com/monsterr00/metric-service.gittest_client/cmd/server/httplayer/handlers.go:179.19,182.6 2 0
github.com/monsterr00/metric-service.gittest_client/cmd/server/httplayer/handlers.go:184.4,185.18 2 1
github.com/monsterr00/metric-service.gittest_client/cmd/server/httplayer/handlers.go:185.18,187.5 1 0
github.com/monsterr00/metric-service.gittest_client/cmd/server/httplayer/handlers.go:188.26,192.18 4 1
github.com/monsterr00/metric-service.gittest_client/cmd/server/httplayer/handlers.go:192.18,195.5 2 1
github.com/monsterr00/metric-service.gittest_client/cmd/server/httplayer/handlers.go:196.4,199.18 3 1
github.com/monsterr00/metric-service.gittest_client/cmd/server/httplayer/handlers.go:199.18,202.33 2 0
github.com/monsterr00/metric-service.gittest_client/cmd/server/httplayer/handlers.go:202.33,204.6 1 0
github.com/monsterr00/metric-service.gittest_client/cmd/server/httplayer/handlers.go:204.11,206.6 1 0
github.com/monsterr00/metric-service.gittest_client/cmd/server/httplayer/handlers.go:208.5,208.28 1 0
github.com/monsterr00/metric-service.gittest_client/cmd/server/httplayer/handlers.go:208.28,211.6 2 0
github.com/monsterr00/metric-service.gittest_client/cmd/server/httplayer/handlers.go:213.4,214.18 2 1
github.com/monsterr00/metric-service.gittest_client/cmd/server/httplayer/handlers.go:214.18,217.5 2 0
github.com/monsterr00/metric-service.gittest_client/cmd/server/httplayer/handlers.go:219.4,220.18 2 1
github.com/monsterr00/metric-service.gittest_client/cmd/server/httplayer/handlers.go:220.18,222.5 1 0
github.com/monsterr00/metric-service.gittest_client/cmd/server/httplayer/handlers.go:223.11,225.10 2 1
github.com/monsterr00/metric-service.gittest_client/cmd/server/httplayer/handlers.go:227.8,230.3 2 1
github.com/monsterr00/metric-service.gittest_client/cmd/server/httplayer/handlers.go:232.2,232.32 1 1
github.com/monsterr00/metric-service.gittest_client/cmd/server/httplayer/handlers.go:235.76,240.16 4 1
github.com/monsterr00/metric-service.gittest_client/cmd/server/httplayer/handlers.go:240.16,243.3 2 0
github.com/monsterr00/metric-service.gittest_client/cmd/server/httplayer/handlers.go:246.2,247.49 2 1
github.com/monsterr00/metric-service.gittest_client/cmd/server/httplayer/handlers.go:247.49,248.40 1 0
github.com/monsterr00/metric-service.gittest_client/cmd/server/httplayer/handlers.go:248.40,251.4 2 0
github.com/monsterr00/metric-service.gittest_client/cmd/server/httplayer/handlers.go:255.2,256.60 2 1
github.com/monsterr00/metric-service.gittest_client/cmd/server/httplayer/handlers.go:256.60,259.3 2 0
github.com/monsterr00/metric-service.gittest_client/cmd/server/httplayer/handlers.go:260.2,261.44 2 1
github.com/monsterr00/metric-service.gittest_client/cmd/server/httplayer/handlers.go:264.72,268.16 3 0
github.com/monsterr00/metric-service.gittest_client/cmd/server/httplayer/handlers.go:268.16,271.3 2 0
github.com/monsterr00/metric-service.gittest_client/cmd/server/httplayer/handlers.go:273.2,273.32 1 0
github.com/monsterr00/metric-service.gittest_client/cmd/server/httplayer/handlers.go:276.77,282.16 4 0
github.com/monsterr00/metric-service.gittest_client/cmd/server/httplayer/handlers.go:282.16,285.3 2 0
github.com/monsterr00/metric-service.gittest_client/cmd/server/httplayer/handlers.go:288.2,289.49 2 0
github.com/monsterr00/metric-service.gittest_client/cmd/server/httplayer/handlers.go:289.49,290.40 1 0
github.com/monsterr00/metric-service.gittest_client/cmd/server/httplayer/handlers.go:290.40,293.4 2 0
github.com/monsterr00/metric-service.gittest_client/cmd/server/httplayer/handlers.go:297.2,298.61 2 0
github.com/monsterr00/metric-service.gittest_client/cmd/server/httplayer/handlers.go:298.61,301.3 2 0
github.com/monsterr00/metric-service.gittest_client/cmd/server/httplayer/handlers.go:303.2,305.33 2 0
github.com/monsterr00/metric-service.gittest_client/cmd/server/httplayer/handlers.go:305.33,307.3 1 0
github.com/monsterr00/metric-service.gittest_client/cmd/server/httplayer/handlers.go:310.117,313.22 2 1
github.com/monsterr00/metric-service.gittest_client/cmd/server/httplayer/handlers.go:314.23,316.17 2 1
github.com/monsterr00/metric-service.gittest_client/cmd/server/httplayer/handlers.go:316.17,319.4 2 0
github.com/monsterr00/metric-service.gittest_client/cmd/server/httplayer/handlers.go:321.25,323.17 2 1
github.com/monsterr00/metric-service.gittest_client/cmd/server/httplayer/handlers.go:323.17,327.32 2 0
github.com/monsterr00/metric-service.gittest_client/cmd/server/httplayer/handlers.go:327.32,329.5 1 0
github.com/monsterr00/metric-service.gittest_client/cmd/server/httplayer/handlers.go:329.10,331.5 1 0
github.com/monsterr00/metric-service.gittest_client/cmd/server/httplayer/handlers.go:333.4,333.27 1 0
github.com/monsterr00/metric-service.gittest_client/cmd/server/httplayer/handlers.go:333.27,336.5 2 0
github.com/monsterr00/metric-service.gittest_client/cmd/server/httplayer/handlers.go:338.3,339.17 2 1
github.com/monsterr00/metric-service.gittest_client/cmd/server/httplayer/handlers.go:339.17,343.4 2 0
github.com/monsterr00/metric-service.gittest_client/cmd/server/httplayer/handlers.go:344.10,346.9 2 1
github.com/monsterr00/metric-service.gittest_client/cmd/server/httplayer/handlers.go:349.2,350.16 2 1
github.com/monsterr00/metric-service.gittest_client/cmd/server/httplayer/handlers.go:350.16,353.3 2 0
github.com/monsterr00/metric-service.gittest_client/cmd/server/httplayer/handlers.go:355.2,360.16 6 1
github.com/monsterr00/metric-service.gittest_client/cmd/server/httplayer/handlers.go:360.16,362.3 1 0
github.com/monsterr00/metric-service.gittest_client/cmd/server/httplayer/handlers.go:365.62,372.16 6 0
github.com/monsterr00/metric-service.gittest_client/cmd/server/httplayer/handlers.go:372.16,374.3 1 0
github.com/monsterr00/metric-service.gittest_client/cmd/server/httplayer/handlers.go:375.2,375.35 1 0
github.com/monsterr00/metric-service.gittest_client/cmd/server/httplayer/handlers.go:375.35,377.3 1 0
github.com/monsterr00/metric-service.gittest_client/cmd/server/httplayer/handlers.go:377.8,379.3 1 0
github.com/monsterr00/metric-service.gittest_client/cmd/server/httplayer/middleware.go:39.62,44.2 3 1
github.com/monsterr00/metric-service.gittest_client/cmd/server/httplayer/middleware.go:46.61,50.2 2 1
github.com/monsterr00/metric-service.gittest_client/cmd/server/httplayer/middleware.go:54.70,55.56 1 1
github.com/monsterr00/metric-service.gittest_client/cmd/server/httplayer/middleware.go:55.56,77.3 6 1
github.com/monsterr00/metric-service.gittest_client/cmd/server/httplayer/middleware.go:78.2,78.32 1 1
github.com/monsterr00/metric-service.gittest_client/cmd/server/httplayer/middleware.go:81.73,82.54 1 1
github.com/monsterr00/metric-service.gittest_client/cmd/server/httplayer/middleware.go:82.54,98.19 11 1
github.com/monsterr00/metric-service.gittest_client/cmd/server/httplayer/middleware.go:98.19,105.4 3 1
github.com/monsterr00/metric-service.gittest_client/cmd/server/httplayer/middleware.go:108.3,112.33 5 1
github.com/monsterr00/metric-service.gittest_client/cmd/server/httplayer/middleware.go:112.33,115.18 2 1
github.com/monsterr00/metric-service.gittest_client/cmd/server/httplayer/middleware.go:115.18,118.5 2 1
github.com/monsterr00/metric-service.gittest_client/cmd/server/httplayer/middleware.go:120.4,121.20 2 0
github.com/monsterr00/metric-service.gittest_client/cmd/server/httplayer/middleware.go:125.3,125.21 1 0
github.com/monsterr00/metric-service.gittest_client/cmd/server/httplayer/middleware.go:129.63,134.2 1 1
github.com/monsterr00/metric-service.gittest_client/cmd/server/httplayer/middleware.go:136.47,138.2 1 0
github.com/monsterr00/metric-service.gittest_client/cmd/server/httplayer/middleware.go:140.55,142.2 1 0
github.com/monsterr00/metric-service.gittest_client/cmd/server/httplayer/middleware.go:144.54,145.22 1 0
github.com/monsterr00/metric-service.gittest_client/cmd/server/httplayer/middleware.go:145.22,147.3 1 0
github.com/monsterr00/metric-service.gittest_client/cmd/server/httplayer/middleware.go:148.2,148.29 1 0
github.com/monsterr00/metric-service.gittest_client/cmd/server/httplayer/middleware.go:152.40,154.2 1 1
github.com/monsterr00/metric-service.gittest_client/cmd/server/httplayer/middleware.go:156.66,158.16 2 1
github.com/monsterr00/metric-service.gittest_client/cmd/server/httplayer/middleware.go:158.16,160.3 1 1
github.com/monsterr00/metric-service.gittest_client/cmd/server/httplayer/middleware.go:162.2,165.8 1 0
github.com/monsterr00/metric-service.gittest_client/cmd/server/httplayer/middleware.go:168.59,170.2 1 0
github.com/monsterr00/metric-service.gittest_client/cmd/server/httplayer/middleware.go:172.40,173.36 1 0
github.com/monsterr00/metric-service.gittest_client/cmd/server/httplayer/middleware.go:173.36,175.3 1 0
github.com/monsterr00/metric-service.gittest_client/cmd/server/httplayer/middleware.go:176.2,176.21 1 0
github.com/monsterr00/metric-service.gittest_client/cmd/server/httplayer/routers.go:21.42,23.16 2 0
github.com/monsterr00/metric-service.gittest_client/cmd/server/httplayer/routers.go:23.16,25.3 1 0
github.com/monsterr00/metric-service.gittest_client/cmd/server/httplayer/routers.go:26.2,26.15 1 0
github.com/monsterr00/metric-service.gittest_client/cmd/server/httplayer/routers.go:26.15,27.39 1 0
github.com/monsterr00/metric-service.gittest_client/cmd/server/httplayer/routers.go:27.39,29.4 1 0
github.com/monsterr00/metric-service.gittest_client/cmd/server/httplayer/routers.go:32.2,41.12 5 0
github.com/monsterr00/metric-service.gittest_client/cmd/server/httplayer/routers.go:44.35,59.2 13 1
github.com/monsterr00/metric-service.gittest_client/cmd/server/httplayer/routers.go:61.30,63.16 2 0
github.com/monsterr00/metric-service.gittest_client/cmd/server/httplayer/routers.go:63.16,65.3 1 0
github.com/monsterr00/metric-service.gittest_client/cmd/server/httplayer/routers.go:66.2,67.15 2 0
github.com/monsterr00/metric-service.gittest_client/cmd/server/httplayer/routers.go:70.35,71.50 1 1
github.com/monsterr00/metric-service.gittest_client/cmd/server/httplayer/routers.go:71.50,73.17 2 0
github.com/monsterr00/metric-service.gittest_client/cmd/server/httplayer/routers.go:73.17,75.4 1 0
github.com/monsterr00/metric-service.gittest_client/cmd/server/httplayer/routers.go:79.43,80.92 1 1
github.com/monsterr00/metric-service.gittest_client/cmd/server/httplayer/routers.go:80.92,81.7 1 0
github.com/monsterr00/metric-service.gittest_client/cmd/server/httplayer/routers.go:81.7,83.18 2 0
github.com/monsterr00/metric-service.gittest_client/cmd/server/httplayer/routers.go:83.18,85.5 1 0
github.com/monsterr00/metric-service.gittest_client/cmd/server/httplayer/routers.go:86.4,86.79 1 0
github.com/monsterr00/metric-service.gittest_client/cmd/server/httplayer/routers.go:91.39,92.93 1 1
github.com/monsterr00/metric-service.gittest_client/cmd/server/httplayer/routers.go:92.93,94.17 2 0
github.com/monsterr00/metric-service.gittest_client/cmd/server/httplayer/routers.go:94.17,96.4 1 0
github.com/monsterr00/metric-service.gittest_client/cmd/server/httplayer/routers.go:100.35,101.82 1 1
github.com/monsterr00/metric-service.gittest_client/cmd/server/httplayer/routers.go:101.82,103.17 2 1
github.com/monsterr00/metric-service.gittest_client/cmd/server/httplayer/routers.go:103.17,105.4 1 1
github.com/monsterr00/metric-service.gittest_client/cmd/server/httplayer/routers.go:108.2,108.48 1 1
github.com/monsterr00/metric-service.gittest_client/cmd/server/httplayer/routers.go:108.48,110.17 2 1
github.com/monsterr00/metric-service.gittest_client/cmd/server/httplayer/routers.go:110.17,112.4 1 0
github.com/monsterr00/metric-service.gittest_client/cmd/server/httplayer/routers.go:116.31,118.16 2 1
github.com/monsterr00/metric-service.gittest_client/cmd/server/httplayer/routers.go:118.16,120.3 1 0
github.com/monsterr00/metric-service.gittest_client/cmd/server/storelayer/store.go:39.19,40.48 1 1
github.com/monsterr00/metric-service.gittest_client/cmd/server/storelayer/store.go:40.48,42.17 2 1
github.com/monsterr00/metric-service.gittest_client/cmd/server/storelayer/store.go:42.17,44.4 1 0
github.com/monsterr00/metric-service.gittest_client/cmd/server/storelayer/store.go:46.3,49.17 3 1
github.com/monsterr00/metric-service.gittest_client/cmd/server/storelayer/store.go:49.17,51.4 1 0
github.com/monsterr00/metric-service.gittest_client/cmd/server/storelayer/store.go:53.3,56.17 2 1
github.com/monsterr00/metric-service.gittest_client/cmd/server/storelayer/store.go:56.17,58.4 1 0
github.com/monsterr00/metric-service.gittest_client/cmd/server/storelayer/store.go:60.3,60.32 1 1
github.com/monsterr00/metric-service.gittest_client/cmd/server/storelayer/store.go:60.32,61.34 1 1
github.com/monsterr00/metric-service.gittest_client/cmd/server/storelayer/store.go:61.34,63.5 1 0
github.com/monsterr00/metric-service.gittest_client/cmd/server/storelayer/store.go:66.3,71.17 3 1
github.com/monsterr00/metric-service.gittest_client/cmd/server/storelayer/store.go:71.17,73.4 1 0
github.com/monsterr00/metric-service.gittest_client/cmd/server/storelayer/store.go:74.3,74.15 1 1
github.com/monsterr00/metric-service.gittest_client/cmd/server/storelayer/store.go:77.2,81.14 2 1
github.com/monsterr00/metric-service.gittest_client/cmd/server/storelayer/store.go:84.34,85.23 1 0
github.com/monsterr00/metric-service.gittest_client/cmd/server/storelayer/store.go:85.23,87.3 1 0
github.com/monsterr00/metric-service.gittest_client/cmd/server/storelayer/store.go:89.2,91.16 2 0
github.com/monsterr00/metric-service.gittest_client/cmd/server/storelayer/store.go:91.16,94.13 3 0
github.com/monsterr00/metric-service.gittest_client/cmd/server/storelayer/store.go:94.13,96.61 2 0
github.com/monsterr00/metric-service.gittest_client/cmd/server/storelayer/store.go:96.61,100.19 3 0
github.com/monsterr00/metric-service.gittest_client/cmd/server/storelayer/store.go:100.19,102.6 1 0
github.com/monsterr00/metric-service.gittest_client/cmd/server/storelayer/store.go:102.11,103.11 1 0
github.com/monsterr00/metric-service.gittest_client/cmd/server/storelayer/store.go:107.4,107.14 1 0
github.com/monsterr00/metric-service.gittest_client/cmd/server/storelayer/store.go:110.2,110.12 1 0
github.com/monsterr00/metric-service.gittest_client/cmd/server/storelayer/store.go:113.35,115.2 1 1
github.com/monsterr00/metric-service.gittest_client/cmd/server/storelayer/store.go:117.77,119.16 2 0
github.com/monsterr00/metric-service.gittest_client/cmd/server/storelayer/store.go:119.16,121.3 1 0
github.com/monsterr00/metric-service.gittest_client/cmd/server/storelayer/store.go:123.2,129.16 2 0
github.com/monsterr00/metric-service.gittest_client/cmd/server/storelayer/store.go:129.16,132.3 1 0
github.com/monsterr00/metric-service.gittest_client/cmd/server/storelayer/store.go:133.2,133.20 1 0
github.com/monsterr00/metric-service.gittest_client/cmd/server/storelayer/store.go:136.77,138.16 2 1
github.com/monsterr00/metric-service.gittest_client/cmd/server/storelayer/store.go:138.16,140.3 1 0
github.com/monsterr00/metric-service.gittest_client/cmd/server/storelayer/store.go:142.2,148.16 2 1
github.com/monsterr00/metric-service.gittest_client/cmd/server/storelayer/store.go:148.16,151.3 1 0
github.com/monsterr00/metric-service.gittest_client/cmd/server/storelayer/store.go:153.2,153.20 1 1
github.com/monsterr00/metric-service.gittest_client/cmd/server/storelayer/store.go:180.82,190.16 2 1
github.com/monsterr00/metric-service.gittest_client/cmd/server/storelayer/store.go:190.16,192.3 1 0
github.com/monsterr00/metric-service.gittest_client/cmd/server/storelayer/store.go:194.2,198.18 3 1
github.com/monsterr00/metric-service.gittest_client/cmd/server/storelayer/store.go:198.18,200.72 2 1
github.com/monsterr00/metric-service.gittest_client/cmd/server/storelayer/store.go:200.72,202.4 1 0
github.com/monsterr00/metric-service.gittest_client/cmd/server/storelayer/store.go:203.3,203.20 1 1
github.com/monsterr00/metric-service.gittest_client/cmd/server/storelayer/store.go:205.2,205.35 1 1
github.com/monsterr00/metric-service.gittest_client/cmd/server/storelayer/store.go:205.35,207.3 1 0
github.com/monsterr00/metric-service.gittest_client/cmd/server/storelayer/store.go:209.2,209.21 1 1
github.com/monsterr00/metric-service.gittest_client/internal/config/config.go:33.27,35.2 1 1
github.com/monsterr00/metric-service.gittest_client/internal/helpers/helpers.go:3.60,22.2 1 1
github.com/monsterr00/metric-service.gittest_client/internal/util/flags.go:12.13,19.2 6 1
github.com/monsterr00/metric-service.gittest_client/internal/util/flags.go:21.17,25.31 3 1
github.com/monsterr00/metric-service.gittest_client/internal/util/flags.go:25.31,27.3 1 0
github.com/monsterr00/metric-service.gittest_client/internal/util/flags.go:29.2,30.11 2 1
github.com/monsterr00/metric-service.gittest_client/internal/util/flags.go:30.11,32.17 2 0
github.com/monsterr00/metric-service.gittest_client/internal/util/flags.go:32.17,34.4 1 0
github.com/monsterr00/metric-service.gittest_client/internal/util/flags.go:37.2,38.11 2 1
github.com/monsterr00/metric-service.gittest_client/internal/util/flags.go:38.11,40.3 1 0
github.com/monsterr00/metric-service.gittest_client/internal/util/flags.go:42.2,43.11 2 1
github.com/monsterr00/metric-service.gittest_client/internal/util/flags.go:43.11,45.17 2 0
github.com/monsterr00/metric-service.gittest_client/internal/util/flags.go:45.17,47.4 1 0
github.com/monsterr00/metric-service.gittest_client/internal/util/flags.go:50.2,51.30 2 1
github.com/monsterr00/metric-service.gittest_client/internal/util/flags.go:51.30,53.3 1 0
github.com/monsterr00/metric-service.gittest_client/internal/util/flags.go:55.2,55.42 1 1
github.com/monsterr00/metric-service.gittest_client/internal/util/flags.go:55.42,57.3 1 1
github.com/monsterr00/metric-service.gittest_client/internal/util/flags.go:57.8,57.87 1 0
github.com/monsterr00/metric-service.gittest_client/internal/util/flags.go:57.87,59.3 1 0
github.com/monsterr00/metric-service.gittest_client/internal/util/flags.go:59.8,61.3 1 0
github.com/monsterr00/metric-service.gittest_client/internal/util/flags.go:63.2,64.11 2 1
github.com/monsterr00/metric-service.gittest_client/internal/util/flags.go:64.11,66.3 1 0
github.com/monsterr00/metric-service.gittest_client/internal/util/flags.go:68.2,68.36 1 1
github.com/monsterr00/metric-service.gittest_client/internal/util/flags.go:68.36,70.3 1 0
github.com/monsterr00/metric-service.gittest_client/internal/util/flags.go:72.2,73.41 2 1
